#
# A fatal error has been detected by the Java Runtime Environment:
#
#  SIGSEGV (0xb) at pc=0x00000001073a89c9, pid=2304, tid=9731
#
# JRE version: Java(TM) SE Runtime Environment (8.0_65-b17) (build 1.8.0_65-b17)
# Java VM: Java HotSpot(TM) 64-Bit Server VM (25.65-b01 mixed mode bsd-amd64 compressed oops)
# Problematic frame:
# V  [libjvm.dylib+0x1a89c9]
#
# Failed to write core dump. Core dumps have been disabled. To enable core dumping, try "ulimit -c unlimited" before starting Java again
#
# If you would like to submit a bug report, please visit:
#   http://bugreport.java.com/bugreport/crash.jsp
#

---------------  T H R E A D  ---------------

Current thread (0x00007fa52400c800):  GCTaskThread [stack: 0x0000700000320000,0x0000700000420000] [id=9731]

siginfo: si_signo: 11 (SIGSEGV), si_code: 1 (SEGV_MAPERR), si_addr: 0x0000000000000008

Registers:
RAX=0x0000000107a308d0, RBX=0x0000000000000000, RCX=0x0000000000000003, RDX=0x0000000000000001
RSP=0x000070000041fc70, RBP=0x000070000041fc70, RSI=0x00000007b07a9530, RDI=0x0000000000000000
R8 =0x0000000107adf1e0, R9 =0x00000007b930f5e8, R10=0x00000007b93175e8, R11=0x0000000008b0a801
R12=0x0000000107ad4b06, R13=0x00000007b9310619, R14=0x00007fa5228061c0, R15=0x00007fa522806258
RIP=0x00000001073a89c9, EFLAGS=0x0000000000010246, ERR=0x0000000000000004
  TRAPNO=0x000000000000000e

Top of Stack: (sp=0x000070000041fc70)
0x000070000041fc70:   000070000041fce0 00000001076bfd29
0x000070000041fc80:   00000007b89a014c 00000007b07a9530
0x000070000041fc90:   00000007b930f5e8 0000000000001000
0x000070000041fca0:   00007fa5228061c0 0000000000000005
0x000070000041fcb0:   000000000000000d 00000007b9310619
0x000070000041fcc0:   0000000107ad4b06 00000007b9310619
0x000070000041fcd0:   00000007b9310618 00007fa522806258
0x000070000041fce0:   000070000041fd00 00000001076c023f
0x000070000041fcf0:   00007fa5228061c0 00007fa522806220
0x000070000041fd00:   000070000041fd60 00000001076bf1d0
0x000070000041fd10:   000000000000000d 01000007b78ddcad
0x000070000041fd20:   00000007b9310619 000070000041fd78
0x000070000041fd30:   00000007b78ddcac 0000000000000001
0x000070000041fd40:   000070000041fd84 000070000041fd78
0x000070000041fd50:   00007fa528d04450 00007fa5228061c0
0x000070000041fd60:   000070000041fdb0 00000001076c2edf
0x000070000041fd70:   0000000000000001 00000007b78ddcad
0x000070000041fd80:   540ce3380041fdb0 00007fa52400c800
0x000070000041fd90:   0000000000000000 0000000107809775
0x000070000041fda0:   00007fa528d04450 0000000000000001
0x000070000041fdb0:   000070000041fe90 00000001074743eb
0x000070000041fdc0:   000070000041fdf0 00007fa522709a00
0x000070000041fdd0:   00007fa522709a30 00007fa522709a40
0x000070000041fde0:   00007fa522709e18 00000000000003d8
0x000070000041fdf0:   00007fa52400c800 00007fa522709e20
0x000070000041fe00:   00007fa522709e60 00007fa522709e70
0x000070000041fe10:   00007fa522709f48 00000000000000d8
0x000070000041fe20:   000070000041fe30 0000000000000000
0x000070000041fe30:   00007fa52400c800 00007fa522709e20
0x000070000041fe40:   00007fa522709e60 00007fa522709e70
0x000070000041fe50:   00007fa522709f48 00000000000000d8
0x000070000041fe60:   00007fa52270a060 00007fa52400c800 

Instructions: (pc=0x00000001073a89c9)
0x00000001073a89a9:   84 d2 48 89 fe 74 15 48 8d 05 19 7f 68 00 8a 48
0x00000001073a89b9:   08 8b 7e 08 48 d3 e7 48 03 38 eb 04 48 8b 7e 08
0x00000001073a89c9:   8b 47 08 85 c0 7e 09 a8 01 75 4e c1 f8 03 eb 47
0x00000001073a89d9:   85 c0 7f 43 85 c0 79 41 84 d2 0f 94 c1 0f b6 c9 

Register to memory mapping:

RAX=0x0000000107a308d0: _ZN8Universe13_narrow_klassE+0 in /Library/Java/JavaVirtualMachines/jdk1.8.0_65.jdk/Contents/Home/jre/lib/server/libjvm.dylib at 0x0000000107200000
RBX=0x0000000000000000 is an unknown value
RCX=0x0000000000000003 is an unknown value
RDX=0x0000000000000001 is an unknown value
RSP=0x000070000041fc70 is an unknown value
RBP=0x000070000041fc70 is an unknown value
RSI=0x00000007b07a9530 is an unknown value
RDI=0x0000000000000000 is an unknown value
R8 =0x0000000107adf1e0: _ZN10PSScavenge26_young_generation_boundaryE+0 in /Library/Java/JavaVirtualMachines/jdk1.8.0_65.jdk/Contents/Home/jre/lib/server/libjvm.dylib at 0x0000000107200000
R9 =0x00000007b930f5e8 is an oop
proguard.classfile.ProgramMethod 
 - klass: 'proguard/classfile/ProgramMethod'
R10=0x00000007b93175e8 is an oop
[Lproguard.classfile.attribute.LineNumberInfo; 
 - klass: 'proguard/classfile/attribute/LineNumberInfo'[]
 - length: 8
R11=0x0000000008b0a801 is an unknown value
R12=0x0000000107ad4b06: AssumeMP+0 in /Library/Java/JavaVirtualMachines/jdk1.8.0_65.jdk/Contents/Home/jre/lib/server/libjvm.dylib at 0x0000000107200000
R13=0x00000007b9310619 is an unknown value
R14=0x00007fa5228061c0 is an unknown value
R15=0x00007fa522806258 is an unknown value


Stack: [0x0000700000320000,0x0000700000420000],  sp=0x000070000041fc70,  free space=1023k
Native frames: (J=compiled Java code, j=interpreted, Vv=VM code, C=native code)
V  [libjvm.dylib+0x1a89c9]
V  [libjvm.dylib+0x4bfd29]
V  [libjvm.dylib+0x4c023f]
V  [libjvm.dylib+0x4bf1d0]
V  [libjvm.dylib+0x4c2edf]
V  [libjvm.dylib+0x2743eb]
V  [libjvm.dylib+0x48342e]
C  [libsystem_pthread.dylib+0x39b1]  _pthread_body+0x83
C  [libsystem_pthread.dylib+0x392e]  _pthread_body+0x0
C  [libsystem_pthread.dylib+0x1385]  thread_start+0xd


---------------  P R O C E S S  ---------------

Java Threads: ( => current thread )
  0x00007fa528eaf800 JavaThread "Stdin handler" [_thread_blocked, id=13747, stack(0x0000700001456000,0x0000700001556000)]
  0x00007fa528eae800 JavaThread "Daemon worker Thread 25" [_thread_blocked, id=22679, stack(0x0000700001353000,0x0000700001453000)]
  0x00007fa528eae000 JavaThread "Cancel handler" [_thread_blocked, id=21899, stack(0x0000700001250000,0x0000700001350000)]
  0x00007fa526e48800 JavaThread "Handler for socket connection from /127.0.0.1:63288 to /127.0.0.1:62838" [_thread_in_native, id=20843, stack(0x000070000114d000,0x000070000124d000)]
  0x00007fa528ead000 JavaThread "Daemon Thread 25" [_thread_blocked, id=20327, stack(0x0000700000932000,0x0000700000a32000)]
  0x00007fa525231000 JavaThread "File lock request listener" [_thread_in_native, id=23299, stack(0x0000700001687000,0x0000700001787000)]
  0x00007fa5232bf000 JavaThread "Incoming local TCP Connector on port 63288" [_thread_in_native, id=19715, stack(0x000070000104a000,0x000070000114a000)]
  0x00007fa523817800 JavaThread "Service Thread" daemon [_thread_blocked, id=18691, stack(0x0000700000e44000,0x0000700000f44000)]
  0x00007fa52404c800 JavaThread "C1 CompilerThread2" daemon [_thread_blocked, id=18179, stack(0x0000700000d41000,0x0000700000e41000)]
  0x00007fa524041800 JavaThread "C2 CompilerThread1" daemon [_thread_blocked, id=17667, stack(0x0000700000c3e000,0x0000700000d3e000)]
  0x00007fa523041000 JavaThread "C2 CompilerThread0" daemon [_thread_blocked, id=17155, stack(0x0000700000b3b000,0x0000700000c3b000)]
  0x00007fa523803000 JavaThread "Signal Dispatcher" daemon [_thread_blocked, id=13839, stack(0x0000700000a38000,0x0000700000b38000)]
  0x00007fa523032800 JavaThread "Finalizer" daemon [_thread_blocked, id=12291, stack(0x000070000082f000,0x000070000092f000)]
  0x00007fa523031800 JavaThread "Reference Handler" daemon [_thread_blocked, id=11779, stack(0x000070000072c000,0x000070000082c000)]
  0x00007fa524000000 JavaThread "main" [_thread_blocked, id=5891, stack(0x000070000011a000,0x000070000021a000)]

Other Threads:
  0x00007fa522807000 VMThread [stack: 0x0000700000629000,0x0000700000729000] [id=11267]
  0x00007fa523040800 WatcherThread [stack: 0x0000700000f47000,0x0000700001047000] [id=19203]

=>0x00007fa52400c800 (exited) GCTaskThread [stack: 0x0000700000320000,0x0000700000420000] [id=9731]

VM state:at safepoint (normal execution)

VM Mutex/Monitor currently owned by a thread:  ([mutex/lock_event])
[0x00007fa5225060e0] Threads_lock - owner thread: 0x00007fa522807000
[0x00007fa5225065e0] Heap_lock - owner thread: 0x00007fa528eae800

Heap:
 PSYoungGen      total 277504K, used 212045K [0x00000007aab00000, 0x00000007bfd80000, 0x00000007c0000000)
  eden space 209408K, 100% used [0x00000007aab00000,0x00000007b7780000,0x00000007b7780000)
  from space 68096K, 3% used [0x00000007bbb00000,0x00000007bbd937b8,0x00000007bfd80000)
  to   space 68608K, 55% used [0x00000007b7780000,0x00000007b9cef5e8,0x00000007bba80000)
 ParOldGen       total 102400K, used 50852K [0x0000000780000000, 0x0000000786400000, 0x00000007aab00000)
  object space 102400K, 49% used [0x0000000780000000,0x00000007831a9108,0x0000000786400000)
 Metaspace       used 64757K, capacity 69856K, committed 71000K, reserved 1110016K
  class space    used 8585K, capacity 9226K, committed 9600K, reserved 1048576K

Card table byte_map: [0x0000000117549000,0x000000011774a000] byte_map_base: 0x0000000113949000

Marking Bits: (ParMarkBitMap*) 0x0000000107adee20
 Begin Bits: [0x00000001178a0000, 0x00000001188a0000)
 End Bits:   [0x00000001188a0000, 0x00000001198a0000)

Polling page: 0x000000010699e000

CodeCache: size=245760Kb used=48195Kb max_used=48235Kb free=197564Kb
 bounds [0x0000000108189000, 0x000000010b119000, 0x0000000117189000]
 total_blobs=13943 nmethods=13231 adapters=623
 compilation: enabled

Compilation events (10 events):
Event: 12158.382 Thread 0x00007fa524041800 nmethod 18775 0x000000010b0cd450 code [0x000000010b0cd5e0, 0x000000010b0cd888]
Event: 12158.382 Thread 0x00007fa524041800 18774       4       com.sun.tools.javac.comp.Attr::attribClassBody (726 bytes)
Event: 12158.427 Thread 0x00007fa523041000 nmethod 18750 0x000000010b0d6150 code [0x000000010b0d66e0, 0x000000010b0d8ff8]
Event: 12158.427 Thread 0x00007fa523041000 18764 %     4       com.sun.tools.javac.jvm.ClassWriter::writeClassFile @ 396 (1177 bytes)
Event: 12158.743 Thread 0x00007fa524041800 nmethod 18774 0x000000010b0e3010 code [0x000000010b0e37a0, 0x000000010b0e8168]
Event: 12158.744 Thread 0x00007fa524041800 18762       4       com.sun.tools.javac.code.Types$SignatureGenerator::assembleSig (506 bytes)
Event: 12158.853 Thread 0x00007fa524041800 nmethod 18762 0x000000010b0dd4d0 code [0x000000010b0dda60, 0x000000010b0e03c8]
Event: 12159.044 Thread 0x00007fa523041000 nmethod 18764% 0x000000010b0f8310 code [0x000000010b0f8e00, 0x000000010b101e98]
Event: 12159.405 Thread 0x00007fa52404c800 18777       3       org.gradle.cache.internal.btree.BlockPointer::isNull (15 bytes)
Event: 12159.406 Thread 0x00007fa52404c800 nmethod 18777 0x000000010852d310 code [0x000000010852d480, 0x000000010852d650]

GC Heap History (10 events):
Event: 11968.694 GC heap after
Heap after GC invocations=85 (full 20):
 PSYoungGen      total 271872K, used 38860K [0x00000007aab00000, 0x00000007c0000000, 0x00000007c0000000)
  eden space 203776K, 0% used [0x00000007aab00000,0x00000007aab00000,0x00000007b7200000)
  from space 68096K, 57% used [0x00000007b7200000,0x00000007b97f3228,0x00000007bb480000)
  to   space 70656K, 0% used [0x00000007bbb00000,0x00000007bbb00000,0x00000007c0000000)
 ParOldGen       total 102400K, used 50592K [0x0000000780000000, 0x0000000786400000, 0x00000007aab00000)
  object space 102400K, 49% used [0x0000000780000000,0x0000000783168340,0x0000000786400000)
 Metaspace       used 64604K, capacity 69620K, committed 70744K, reserved 1110016K
  class space    used 8574K, capacity 9214K, committed 9600K, reserved 1048576K
}
Event: 11982.206 GC heap before
{Heap before GC invocations=86 (full 20):
 PSYoungGen      total 271872K, used 137383K [0x00000007aab00000, 0x00000007c0000000, 0x00000007c0000000)
  eden space 203776K, 48% used [0x00000007aab00000,0x00000007b0b36bc8,0x00000007b7200000)
  from space 68096K, 57% used [0x00000007b7200000,0x00000007b97f3228,0x00000007bb480000)
  to   space 70656K, 0% used [0x00000007bbb00000,0x00000007bbb00000,0x00000007c0000000)
 ParOldGen       total 102400K, used 50592K [0x0000000780000000, 0x0000000786400000, 0x00000007aab00000)
  object space 102400K, 49% used [0x0000000780000000,0x0000000783168340,0x0000000786400000)
 Metaspace       used 64612K, capacity 69684K, committed 71000K, reserved 1110016K
  class space    used 8574K, capacity 9214K, committed 9600K, reserved 1048576K
Event: 11982.209 GC heap after
Heap after GC invocations=86 (full 20):
 PSYoungGen      total 280064K, used 720K [0x00000007aab00000, 0x00000007c0000000, 0x00000007c0000000)
  eden space 209408K, 0% used [0x00000007aab00000,0x00000007aab00000,0x00000007b7780000)
  from space 70656K, 1% used [0x00000007bbb00000,0x00000007bbbb4010,0x00000007c0000000)
  to   space 69120K, 0% used [0x00000007b7780000,0x00000007b7780000,0x00000007bbb00000)
 ParOldGen       total 102400K, used 50592K [0x0000000780000000, 0x0000000786400000, 0x00000007aab00000)
  object space 102400K, 49% used [0x0000000780000000,0x0000000783168340,0x0000000786400000)
 Metaspace       used 64612K, capacity 69684K, committed 71000K, reserved 1110016K
  class space    used 8574K, capacity 9214K, committed 9600K, reserved 1048576K
}
Event: 11982.209 GC heap before
{Heap before GC invocations=87 (full 21):
 PSYoungGen      total 280064K, used 720K [0x00000007aab00000, 0x00000007c0000000, 0x00000007c0000000)
  eden space 209408K, 0% used [0x00000007aab00000,0x00000007aab00000,0x00000007b7780000)
  from space 70656K, 1% used [0x00000007bbb00000,0x00000007bbbb4010,0x00000007c0000000)
  to   space 69120K, 0% used [0x00000007b7780000,0x00000007b7780000,0x00000007bbb00000)
 ParOldGen       total 102400K, used 50592K [0x0000000780000000, 0x0000000786400000, 0x00000007aab00000)
  object space 102400K, 49% used [0x0000000780000000,0x0000000783168340,0x0000000786400000)
 Metaspace       used 64612K, capacity 69684K, committed 71000K, reserved 1110016K
  class space    used 8574K, capacity 9214K, committed 9600K, reserved 1048576K
Event: 11982.426 GC heap after
Heap after GC invocations=87 (full 21):
 PSYoungGen      total 280064K, used 0K [0x00000007aab00000, 0x00000007c0000000, 0x00000007c0000000)
  eden space 209408K, 0% used [0x00000007aab00000,0x00000007aab00000,0x00000007b7780000)
  from space 70656K, 0% used [0x00000007bbb00000,0x00000007bbb00000,0x00000007c0000000)
  to   space 69120K, 0% used [0x00000007b7780000,0x00000007b7780000,0x00000007bbb00000)
 ParOldGen       total 102400K, used 50836K [0x0000000780000000, 0x0000000786400000, 0x00000007aab00000)
  object space 102400K, 49% used [0x0000000780000000,0x00000007831a5108,0x0000000786400000)
 Metaspace       used 64612K, capacity 69684K, committed 71000K, reserved 1110016K
  class space    used 8574K, capacity 9214K, committed 9600K, reserved 1048576K
}
Event: 12073.367 GC heap before
{Heap before GC invocations=88 (full 21):
 PSYoungGen      total 280064K, used 209408K [0x00000007aab00000, 0x00000007c0000000, 0x00000007c0000000)
  eden space 209408K, 100% used [0x00000007aab00000,0x00000007b7780000,0x00000007b7780000)
  from space 70656K, 0% used [0x00000007bbb00000,0x00000007bbb00000,0x00000007c0000000)
  to   space 69120K, 0% used [0x00000007b7780000,0x00000007b7780000,0x00000007bbb00000)
 ParOldGen       total 102400K, used 50836K [0x0000000780000000, 0x0000000786400000, 0x00000007aab00000)
  object space 102400K, 49% used [0x0000000780000000,0x00000007831a5108,0x0000000786400000)
 Metaspace       used 64673K, capacity 69770K, committed 71000K, reserved 1110016K
  class space    used 8579K, capacity 9220K, committed 9600K, reserved 1048576K
Event: 12073.400 GC heap after
Heap after GC invocations=88 (full 21):
 PSYoungGen      total 278528K, used 36972K [0x00000007aab00000, 0x00000007c0000000, 0x00000007c0000000)
  eden space 209408K, 0% used [0x00000007aab00000,0x00000007aab00000,0x00000007b7780000)
  from space 69120K, 53% used [0x00000007b7780000,0x00000007b9b9b228,0x00000007bbb00000)
  to   space 70656K, 0% used [0x00000007bbb00000,0x00000007bbb00000,0x00000007c0000000)
 ParOldGen       total 102400K, used 50844K [0x0000000780000000, 0x0000000786400000, 0x00000007aab00000)
  object space 102400K, 49% used [0x0000000780000000,0x00000007831a7108,0x0000000786400000)
 Metaspace       used 64673K, capacity 69770K, committed 71000K, reserved 1110016K
  class space    used 8579K, capacity 9220K, committed 9600K, reserved 1048576K
}
Event: 12158.043 GC heap before
{Heap before GC invocations=89 (full 21):
 PSYoungGen      total 278528K, used 246380K [0x00000007aab00000, 0x00000007c0000000, 0x00000007c0000000)
  eden space 209408K, 100% used [0x00000007aab00000,0x00000007b7780000,0x00000007b7780000)
  from space 69120K, 53% used [0x00000007b7780000,0x00000007b9b9b228,0x00000007bbb00000)
  to   space 70656K, 0% used [0x00000007bbb00000,0x00000007bbb00000,0x00000007c0000000)
 ParOldGen       total 102400K, used 50844K [0x0000000780000000, 0x0000000786400000, 0x00000007aab00000)
  object space 102400K, 49% used [0x0000000780000000,0x00000007831a7108,0x0000000786400000)
 Metaspace       used 64735K, capacity 69856K, committed 71000K, reserved 1110016K
  class space    used 8585K, capacity 9226K, committed 9600K, reserved 1048576K
Event: 12158.049 GC heap after
Heap after GC invocations=89 (full 21):
 PSYoungGen      total 277504K, used 2637K [0x00000007aab00000, 0x00000007bfd80000, 0x00000007c0000000)
  eden space 209408K, 0% used [0x00000007aab00000,0x00000007aab00000,0x00000007b7780000)
  from space 68096K, 3% used [0x00000007bbb00000,0x00000007bbd937b8,0x00000007bfd80000)
  to   space 68608K, 0% used [0x00000007b7780000,0x00000007b7780000,0x00000007bba80000)
 ParOldGen       total 102400K, used 50844K [0x0000000780000000, 0x0000000786400000, 0x00000007aab00000)
  object space 102400K, 49% used [0x0000000780000000,0x00000007831a7108,0x0000000786400000)
 Metaspace       used 64735K, capacity 69856K, committed 71000K, reserved 1110016K
  class space    used 8585K, capacity 9226K, committed 9600K, reserved 1048576K
}
Event: 12159.671 GC heap before
{Heap before GC invocations=90 (full 21):
 PSYoungGen      total 277504K, used 212045K [0x00000007aab00000, 0x00000007bfd80000, 0x00000007c0000000)
  eden space 209408K, 100% used [0x00000007aab00000,0x00000007b7780000,0x00000007b7780000)
  from space 68096K, 3% used [0x00000007bbb00000,0x00000007bbd937b8,0x00000007bfd80000)
  to   space 68608K, 0% used [0x00000007b7780000,0x00000007b7780000,0x00000007bba80000)
 ParOldGen       total 102400K, used 50844K [0x0000000780000000, 0x0000000786400000, 0x00000007aab00000)
  object space 102400K, 49% used [0x0000000780000000,0x00000007831a7108,0x0000000786400000)
 Metaspace       used 64757K, capacity 69856K, committed 71000K, reserved 1110016K
  class space    used 8585K, capacity 9226K, committed 9600K, reserved 1048576K

Deoptimization events (10 events):
Event: 11619.432 Thread 0x00007fa526e48800 Uncommon trap: reason=array_check action=maybe_recompile pc=0x0000000109ca5e3c method=java.util.ComparableTimSort.mergeHi(IIII)V @ 654
Event: 11619.432 Thread 0x00007fa526e48800 Uncommon trap: reason=array_check action=maybe_recompile pc=0x0000000109ca5b3c method=java.util.ComparableTimSort.mergeHi(IIII)V @ 415
Event: 11619.433 Thread 0x00007fa526e48800 Uncommon trap: reason=array_check action=maybe_recompile pc=0x000000010a685374 method=java.util.ComparableTimSort.mergeHi(IIII)V @ 654
Event: 11687.106 Thread 0x00007fa526e48800 Uncommon trap: reason=array_check action=maybe_recompile pc=0x000000010aeafb40 method=java.util.ComparableTimSort.mergeLo(IIII)V @ 587
Event: 11687.106 Thread 0x00007fa526e48800 Uncommon trap: reason=array_check action=maybe_recompile pc=0x000000010aeafb40 method=java.util.ComparableTimSort.mergeLo(IIII)V @ 587
Event: 11687.106 Thread 0x00007fa526e48800 Uncommon trap: reason=array_check action=maybe_recompile pc=0x000000010ae99d80 method=java.util.ComparableTimSort.mergeHi(IIII)V @ 521
Event: 11687.107 Thread 0x00007fa526e48800 Uncommon trap: reason=array_check action=maybe_recompile pc=0x000000010ae99d80 method=java.util.ComparableTimSort.mergeHi(IIII)V @ 521
Event: 11785.079 Thread 0x00007fa529586800 Uncommon trap: reason=array_check action=maybe_recompile pc=0x000000010abf061c method=java.util.ComparableTimSort.mergeLo(IIII)V @ 587
Event: 11785.079 Thread 0x00007fa529586800 Uncommon trap: reason=array_check action=maybe_recompile pc=0x000000010af52a04 method=java.util.ComparableTimSort.mergeLo(IIII)V @ 465
Event: 11785.079 Thread 0x00007fa529586800 Uncommon trap: reason=array_check action=maybe_recompile pc=0x000000010af52a04 method=java.util.ComparableTimSort.mergeLo(IIII)V @ 465

Internal exceptions (10 events):
Event: 11684.798 Thread 0x00007fa526e48800 Exception <a 'java/lang/ClassNotFoundException': asLocalRepo27_6d16vmx0f5pptpw7cp9k5kl8pBeanInfo> (0x00000007b40a8ad0) thrown at [/Users/java_re/workspace/8-2-build-macosx-x86_64/jdk8u65/4987/hotspot/src/share/vm/classfile/systemDictionary.cpp, line 210]
Event: 11684.798 Thread 0x00007fa526e48800 Exception <a 'java/lang/ClassNotFoundException': asLocalRepo27_6d16vmx0f5pptpw7cp9k5kl8pCustomizer> (0x00000007b40b2500) thrown at [/Users/java_re/workspace/8-2-build-macosx-x86_64/jdk8u65/4987/hotspot/src/share/vm/classfile/systemDictionary.cpp, line 210
Event: 11782.901 Thread 0x00007fa529586800 Exception <a 'java/lang/ClassNotFoundException': asLocalRepo28_3gwuskwwbx5zwpt0bg8zvu4jrBeanInfo> (0x00000007ab22f948) thrown at [/Users/java_re/workspace/8-2-build-macosx-x86_64/jdk8u65/4987/hotspot/src/share/vm/classfile/systemDictionary.cpp, line 210]
Event: 11782.901 Thread 0x00007fa529586800 Exception <a 'java/lang/ClassNotFoundException': asLocalRepo28_3gwuskwwbx5zwpt0bg8zvu4jrCustomizer> (0x00000007ab239378) thrown at [/Users/java_re/workspace/8-2-build-macosx-x86_64/jdk8u65/4987/hotspot/src/share/vm/classfile/systemDictionary.cpp, line 210
Event: 11966.895 Thread 0x00007fa52911c800 Exception <a 'java/lang/ClassNotFoundException': asLocalRepo29_5s3m5m0uciv8p3n7yv609clz2BeanInfo> (0x00000007b4492818) thrown at [/Users/java_re/workspace/8-2-build-macosx-x86_64/jdk8u65/4987/hotspot/src/share/vm/classfile/systemDictionary.cpp, line 210]
Event: 11966.895 Thread 0x00007fa52911c800 Exception <a 'java/lang/ClassNotFoundException': asLocalRepo29_5s3m5m0uciv8p3n7yv609clz2Customizer> (0x00000007b449c218) thrown at [/Users/java_re/workspace/8-2-build-macosx-x86_64/jdk8u65/4987/hotspot/src/share/vm/classfile/systemDictionary.cpp, line 210
Event: 12071.636 Thread 0x00007fa5297d0800 Exception <a 'java/lang/ClassNotFoundException': asLocalRepo30_85guxsjo34iadkixt04dyyik4BeanInfo> (0x00000007ab142ae0) thrown at [/Users/java_re/workspace/8-2-build-macosx-x86_64/jdk8u65/4987/hotspot/src/share/vm/classfile/systemDictionary.cpp, line 210]
Event: 12071.636 Thread 0x00007fa5297d0800 Exception <a 'java/lang/ClassNotFoundException': asLocalRepo30_85guxsjo34iadkixt04dyyik4Customizer> (0x00000007ab14c4e0) thrown at [/Users/java_re/workspace/8-2-build-macosx-x86_64/jdk8u65/4987/hotspot/src/share/vm/classfile/systemDictionary.cpp, line 210
Event: 12157.807 Thread 0x00007fa528eae800 Exception <a 'java/lang/ClassNotFoundException': asLocalRepo31_9w8d2kesfxh1x50lpuuqja8sqBeanInfo> (0x00000007b462c680) thrown at [/Users/java_re/workspace/8-2-build-macosx-x86_64/jdk8u65/4987/hotspot/src/share/vm/classfile/systemDictionary.cpp, line 210]
Event: 12157.808 Thread 0x00007fa528eae800 Exception <a 'java/lang/ClassNotFoundException': asLocalRepo31_9w8d2kesfxh1x50lpuuqja8sqCustomizer> (0x00000007b4636080) thrown at [/Users/java_re/workspace/8-2-build-macosx-x86_64/jdk8u65/4987/hotspot/src/share/vm/classfile/systemDictionary.cpp, line 210

Events (10 events):
Event: 12158.114 Executing VM operation: RevokeBias done
Event: 12158.114 Executing VM operation: RevokeBias
Event: 12158.114 Executing VM operation: RevokeBias done
Event: 12158.114 Executing VM operation: RevokeBias
Event: 12158.114 Executing VM operation: RevokeBias done
Event: 12158.114 Executing VM operation: BulkRevokeBias
Event: 12158.114 Executing VM operation: BulkRevokeBias done
Event: 12158.302 Thread 0x00007fa528eae800 DEOPT PACKING pc=0x00000001098e8038 sp=0x000070000144ebc0
Event: 12158.302 Thread 0x00007fa528eae800 DEOPT UNPACKING pc=0x00000001081d0633 sp=0x000070000144e900 mode 0
Event: 12159.671 Executing VM operation: ParallelGCFailedAllocation


Dynamic libraries:
0x000000000b79e000 	/System/Library/Frameworks/Cocoa.framework/Versions/A/Cocoa
0x000000000b79e000 	/System/Library/Frameworks/Security.framework/Versions/A/Security
0x000000000b79e000 	/System/Library/Frameworks/ApplicationServices.framework/Versions/A/ApplicationServices
0x000000000b79e000 	/usr/lib/libz.1.dylib
0x000000000b79e000 	/usr/lib/libSystem.B.dylib
0x000000000b79e000 	/usr/lib/libobjc.A.dylib
0x000000000b79e000 	/System/Library/Frameworks/CoreFoundation.framework/Versions/A/CoreFoundation
0x000000000b79e000 	/System/Library/Frameworks/Foundation.framework/Versions/C/Foundation
0x000000000b79e000 	/System/Library/Frameworks/AppKit.framework/Versions/C/AppKit
0x000000000b79e000 	/System/Library/Frameworks/CoreData.framework/Versions/A/CoreData
0x000000000b79e000 	/System/Library/PrivateFrameworks/RemoteViewServices.framework/Versions/A/RemoteViewServices
0x000000000b79e000 	/System/Library/PrivateFrameworks/UIFoundation.framework/Versions/A/UIFoundation
0x000000000b79e000 	/usr/lib/libScreenReader.dylib
0x000000000b79e000 	/System/Library/Frameworks/Accelerate.framework/Versions/A/Accelerate
0x000000000b79e000 	/System/Library/Frameworks/IOSurface.framework/Versions/A/IOSurface
0x000000000b79e000 	/System/Library/Frameworks/AudioToolbox.framework/Versions/A/AudioToolbox
0x000000000b79e000 	/System/Library/Frameworks/AudioUnit.framework/Versions/A/AudioUnit
0x000000000b79e000 	/System/Library/PrivateFrameworks/DataDetectorsCore.framework/Versions/A/DataDetectorsCore
0x000000000b79e000 	/System/Library/PrivateFrameworks/DesktopServicesPriv.framework/Versions/A/DesktopServicesPriv
0x000000000b79e000 	/System/Library/Frameworks/Carbon.framework/Versions/A/Frameworks/HIToolbox.framework/Versions/A/HIToolbox
0x000000000b79e000 	/System/Library/Frameworks/QuartzCore.framework/Versions/A/QuartzCore
0x000000000b79e000 	/System/Library/Frameworks/Carbon.framework/Versions/A/Frameworks/SpeechRecognition.framework/Versions/A/SpeechRecognition
0x000000000b79e000 	/usr/lib/libauto.dylib
0x000000000b79e000 	/usr/lib/libicucore.A.dylib
0x000000000b79e000 	/usr/lib/libxml2.2.dylib
0x000000000b79e000 	/System/Library/PrivateFrameworks/CoreUI.framework/Versions/A/CoreUI
0x000000000b79e000 	/System/Library/Frameworks/CoreAudio.framework/Versions/A/CoreAudio
0x000000000b79e000 	/System/Library/Frameworks/DiskArbitration.framework/Versions/A/DiskArbitration
0x000000000b79e000 	/usr/lib/liblangid.dylib
0x000000000b79e000 	/System/Library/PrivateFrameworks/MultitouchSupport.framework/Versions/A/MultitouchSupport
0x000000000b79e000 	/System/Library/Frameworks/IOKit.framework/Versions/A/IOKit
0x000000000b79e000 	/usr/lib/libDiagnosticMessagesClient.dylib
0x000000000b79e000 	/System/Library/Frameworks/CoreServices.framework/Versions/A/CoreServices
0x000000000b79e000 	/System/Library/PrivateFrameworks/PerformanceAnalysis.framework/Versions/A/PerformanceAnalysis
0x000000000b79e000 	/System/Library/PrivateFrameworks/GenerationalStorage.framework/Versions/A/GenerationalStorage
0x000000000b79e000 	/System/Library/Frameworks/OpenGL.framework/Versions/A/OpenGL
0x000000000b79e000 	/System/Library/PrivateFrameworks/Sharing.framework/Versions/A/Sharing
0x000000000b79e000 	/System/Library/Frameworks/CoreGraphics.framework/Versions/A/CoreGraphics
0x000000000b79e000 	/System/Library/Frameworks/CoreImage.framework/Versions/A/CoreImage
0x000000000b79e000 	/System/Library/Frameworks/CoreText.framework/Versions/A/CoreText
0x000000000b79e000 	/System/Library/Frameworks/ImageIO.framework/Versions/A/ImageIO
0x000000000b79e000 	/System/Library/PrivateFrameworks/Backup.framework/Versions/A/Backup
0x000000000b79e000 	/usr/lib/libextension.dylib
0x000000000b79e000 	/usr/lib/libarchive.2.dylib
0x000000000b79e000 	/System/Library/Frameworks/CFNetwork.framework/Versions/A/CFNetwork
0x000000000b79e000 	/System/Library/Frameworks/SystemConfiguration.framework/Versions/A/SystemConfiguration
0x000000000b79e000 	/usr/lib/libCRFSuite.dylib
0x000000000b79e000 	/usr/lib/libc++.1.dylib
0x000000000b79e000 	/usr/lib/libc++abi.dylib
0x000000000b79e000 	/usr/lib/system/libcache.dylib
0x000000000b79e000 	/usr/lib/system/libcommonCrypto.dylib
0x000000000b79e000 	/usr/lib/system/libcompiler_rt.dylib
0x000000000b79e000 	/usr/lib/system/libcopyfile.dylib
0x000000000b79e000 	/usr/lib/system/libcorecrypto.dylib
0x000000000b79e000 	/usr/lib/system/libdispatch.dylib
0x000000000b79e000 	/usr/lib/system/libdyld.dylib
0x000000000b79e000 	/usr/lib/system/libkeymgr.dylib
0x000000000b79e000 	/usr/lib/system/liblaunch.dylib
0x000000000b79e000 	/usr/lib/system/libmacho.dylib
0x000000000b79e000 	/usr/lib/system/libquarantine.dylib
0x000000000b79e000 	/usr/lib/system/libremovefile.dylib
0x000000000b79e000 	/usr/lib/system/libsystem_asl.dylib
0x000000000b79e000 	/usr/lib/system/libsystem_blocks.dylib
0x000000000b79e000 	/usr/lib/system/libsystem_c.dylib
0x000000000b79e000 	/usr/lib/system/libsystem_configuration.dylib
0x000000000b79e000 	/usr/lib/system/libsystem_coreservices.dylib
0x000000000b79e000 	/usr/lib/system/libsystem_coretls.dylib
0x000000000b79e000 	/usr/lib/system/libsystem_dnssd.dylib
0x000000000b79e000 	/usr/lib/system/libsystem_info.dylib
0x000000000b79e000 	/usr/lib/system/libsystem_kernel.dylib
0x000000000b79e000 	/usr/lib/system/libsystem_m.dylib
0x000000000b79e000 	/usr/lib/system/libsystem_malloc.dylib
0x000000000b79e000 	/usr/lib/system/libsystem_network.dylib
0x000000000b79e000 	/usr/lib/system/libsystem_networkextension.dylib
0x000000000b79e000 	/usr/lib/system/libsystem_notify.dylib
0x000000000b79e000 	/usr/lib/system/libsystem_platform.dylib
0x000000000b79e000 	/usr/lib/system/libsystem_pthread.dylib
0x000000000b79e000 	/usr/lib/system/libsystem_sandbox.dylib
0x000000000b79e000 	/usr/lib/system/libsystem_secinit.dylib
0x000000000b79e000 	/usr/lib/system/libsystem_trace.dylib
0x000000000b79e000 	/usr/lib/system/libunc.dylib
0x000000000b79e000 	/usr/lib/system/libunwind.dylib
0x000000000b79e000 	/usr/lib/system/libxpc.dylib
0x000000000b79e000 	/usr/lib/libenergytrace.dylib
0x000000000b79e000 	/usr/lib/libbsm.0.dylib
0x000000000b79e000 	/usr/lib/system/libkxld.dylib
0x000000000b79e000 	/usr/lib/libxar.1.dylib
0x000000000b79e000 	/usr/lib/libsqlite3.dylib
0x000000000b79e000 	/usr/lib/libpam.2.dylib
0x000000000b79e000 	/usr/lib/libOpenScriptingUtil.dylib
0x000000000b79e000 	/usr/lib/libbz2.1.0.dylib
0x000000000b79e000 	/usr/lib/liblzma.5.dylib
0x000000000b79e000 	/System/Library/Frameworks/CoreServices.framework/Versions/A/Frameworks/FSEvents.framework/Versions/A/FSEvents
0x000000000b79e000 	/System/Library/Frameworks/CoreServices.framework/Versions/A/Frameworks/CarbonCore.framework/Versions/A/CarbonCore
0x000000000b79e000 	/System/Library/Frameworks/CoreServices.framework/Versions/A/Frameworks/Metadata.framework/Versions/A/Metadata
0x000000000b79e000 	/System/Library/Frameworks/CoreServices.framework/Versions/A/Frameworks/OSServices.framework/Versions/A/OSServices
0x000000000b79e000 	/System/Library/Frameworks/CoreServices.framework/Versions/A/Frameworks/SearchKit.framework/Versions/A/SearchKit
0x000000000b79e000 	/System/Library/Frameworks/CoreServices.framework/Versions/A/Frameworks/AE.framework/Versions/A/AE
0x000000000b79e000 	/System/Library/Frameworks/CoreServices.framework/Versions/A/Frameworks/LaunchServices.framework/Versions/A/LaunchServices
0x000000000b79e000 	/System/Library/Frameworks/CoreServices.framework/Versions/A/Frameworks/DictionaryServices.framework/Versions/A/DictionaryServices
0x000000000b79e000 	/System/Library/Frameworks/CoreServices.framework/Versions/A/Frameworks/SharedFileList.framework/Versions/A/SharedFileList
0x000000000b79e000 	/System/Library/Frameworks/NetFS.framework/Versions/A/NetFS
0x000000000b79e000 	/System/Library/PrivateFrameworks/NetAuth.framework/Versions/A/NetAuth
0x000000000b79e000 	/System/Library/PrivateFrameworks/login.framework/Versions/A/Frameworks/loginsupport.framework/Versions/A/loginsupport
0x000000000b79e000 	/System/Library/PrivateFrameworks/TCC.framework/Versions/A/TCC
0x000000000b79e000 	/usr/lib/libmecabra.dylib
0x000000000b79e000 	/System/Library/Frameworks/ApplicationServices.framework/Versions/A/Frameworks/ATS.framework/Versions/A/ATS
0x000000000b79e000 	/System/Library/Frameworks/ApplicationServices.framework/Versions/A/Frameworks/ColorSync.framework/Versions/A/ColorSync
0x000000000b79e000 	/System/Library/Frameworks/ApplicationServices.framework/Versions/A/Frameworks/HIServices.framework/Versions/A/HIServices
0x000000000b79e000 	/System/Library/Frameworks/ApplicationServices.framework/Versions/A/Frameworks/LangAnalysis.framework/Versions/A/LangAnalysis
0x000000000b79e000 	/System/Library/Frameworks/ApplicationServices.framework/Versions/A/Frameworks/PrintCore.framework/Versions/A/PrintCore
0x000000000b79e000 	/System/Library/Frameworks/ApplicationServices.framework/Versions/A/Frameworks/QD.framework/Versions/A/QD
0x000000000b79e000 	/System/Library/Frameworks/ApplicationServices.framework/Versions/A/Frameworks/SpeechSynthesis.framework/Versions/A/SpeechSynthesis
0x000000000b79e000 	/System/Library/Frameworks/Metal.framework/Versions/A/Metal
0x000000000b79e000 	/System/Library/Frameworks/Accelerate.framework/Versions/A/Frameworks/vImage.framework/Versions/A/vImage
0x000000000b79e000 	/System/Library/Frameworks/Accelerate.framework/Versions/A/Frameworks/vecLib.framework/Versions/A/vecLib
0x000000000b79e000 	/System/Library/Frameworks/Accelerate.framework/Versions/A/Frameworks/vecLib.framework/Versions/A/libvDSP.dylib
0x000000000b79e000 	/System/Library/Frameworks/Accelerate.framework/Versions/A/Frameworks/vecLib.framework/Versions/A/libvMisc.dylib
0x000000000b79e000 	/System/Library/Frameworks/Accelerate.framework/Versions/A/Frameworks/vecLib.framework/Versions/A/libLAPACK.dylib
0x000000000b79e000 	/System/Library/Frameworks/Accelerate.framework/Versions/A/Frameworks/vecLib.framework/Versions/A/libBLAS.dylib
0x000000000b79e000 	/System/Library/Frameworks/Accelerate.framework/Versions/A/Frameworks/vecLib.framework/Versions/A/libLinearAlgebra.dylib
0x000000000b79e000 	/System/Library/Frameworks/Accelerate.framework/Versions/A/Frameworks/vecLib.framework/Versions/A/libSparseBLAS.dylib
0x000000000b79e000 	/System/Library/PrivateFrameworks/GPUCompiler.framework/libmetal_timestamp.dylib
0x000000000b79e000 	/System/Library/Frameworks/OpenGL.framework/Versions/A/Libraries/libCoreFSCache.dylib
0x000000000b79e000 	/System/Library/PrivateFrameworks/IOAccelerator.framework/Versions/A/IOAccelerator
0x000000000b79e000 	/System/Library/Frameworks/ApplicationServices.framework/Versions/A/Frameworks/ATS.framework/Versions/A/Resources/libFontParser.dylib
0x000000000b79e000 	/System/Library/Frameworks/ApplicationServices.framework/Versions/A/Frameworks/ATS.framework/Versions/A/Resources/libFontRegistry.dylib
0x000000000b79e000 	/System/Library/PrivateFrameworks/AppleVPA.framework/Versions/A/AppleVPA
0x000000000b79e000 	/System/Library/PrivateFrameworks/AppleJPEG.framework/Versions/A/AppleJPEG
0x000000000b79e000 	/System/Library/Frameworks/ImageIO.framework/Versions/A/Resources/libJPEG.dylib
0x000000000b79e000 	/System/Library/Frameworks/ImageIO.framework/Versions/A/Resources/libTIFF.dylib
0x000000000b79e000 	/System/Library/Frameworks/ImageIO.framework/Versions/A/Resources/libPng.dylib
0x000000000b79e000 	/System/Library/Frameworks/ImageIO.framework/Versions/A/Resources/libGIF.dylib
0x000000000b79e000 	/System/Library/Frameworks/ImageIO.framework/Versions/A/Resources/libJP2.dylib
0x000000000b79e000 	/System/Library/Frameworks/ImageIO.framework/Versions/A/Resources/libRadiance.dylib
0x000000000b79e000 	/System/Library/Frameworks/CoreVideo.framework/Versions/A/CoreVideo
0x000000000b79e000 	/System/Library/Frameworks/OpenGL.framework/Versions/A/Libraries/libGLU.dylib
0x000000000b79e000 	/System/Library/Frameworks/OpenGL.framework/Versions/A/Libraries/libGFXShared.dylib
0x000000000b79e000 	/System/Library/Frameworks/OpenGL.framework/Versions/A/Libraries/libGL.dylib
0x000000000b79e000 	/System/Library/Frameworks/OpenGL.framework/Versions/A/Libraries/libGLImage.dylib
0x000000000b79e000 	/System/Library/Frameworks/OpenGL.framework/Versions/A/Libraries/libCVMSPluginSupport.dylib
0x000000000b79e000 	/System/Library/Frameworks/OpenGL.framework/Versions/A/Libraries/libCoreVMClient.dylib
0x000000000b79e000 	/usr/lib/libcups.2.dylib
0x000000000b79e000 	/System/Library/Frameworks/Kerberos.framework/Versions/A/Kerberos
0x000000000b79e000 	/System/Library/Frameworks/GSS.framework/Versions/A/GSS
0x000000000b79e000 	/usr/lib/libresolv.9.dylib
0x000000000b79e000 	/usr/lib/libiconv.2.dylib
0x000000000b79e000 	/System/Library/PrivateFrameworks/Heimdal.framework/Versions/A/Heimdal
0x000000000b79e000 	/usr/lib/libheimdal-asn1.dylib
0x000000000b79e000 	/System/Library/Frameworks/OpenDirectory.framework/Versions/A/OpenDirectory
0x000000000b79e000 	/System/Library/PrivateFrameworks/CommonAuth.framework/Versions/A/CommonAuth
0x000000000b79e000 	/System/Library/Frameworks/OpenDirectory.framework/Versions/A/Frameworks/CFOpenDirectory.framework/Versions/A/CFOpenDirectory
0x000000000b79e000 	/System/Library/Frameworks/SecurityFoundation.framework/Versions/A/SecurityFoundation
0x000000000b79e000 	/System/Library/PrivateFrameworks/LanguageModeling.framework/Versions/A/LanguageModeling
0x000000000b79e000 	/usr/lib/libmarisa.dylib
0x000000000b79e000 	/usr/lib/libChineseTokenizer.dylib
0x000000000b79e000 	/usr/lib/libcmph.dylib
0x000000000b79e000 	/usr/lib/libcompression.dylib
0x000000000b79e000 	/System/Library/Frameworks/ServiceManagement.framework/Versions/A/ServiceManagement
0x000000000b79e000 	/usr/lib/libxslt.1.dylib
0x000000000b79e000 	/System/Library/Frameworks/Carbon.framework/Versions/A/Frameworks/Ink.framework/Versions/A/Ink
0x000000000b79e000 	/usr/lib/libFosl_dynamic.dylib
0x000000000b79e000 	/System/Library/PrivateFrameworks/FaceCore.framework/Versions/A/FaceCore
0x000000000b79e000 	/System/Library/Frameworks/OpenCL.framework/Versions/A/OpenCL
0x000000000b79e000 	/System/Library/PrivateFrameworks/CrashReporterSupport.framework/Versions/A/CrashReporterSupport
0x000000000b79e000 	/System/Library/PrivateFrameworks/IconServices.framework/Versions/A/IconServices
0x000000000b79e000 	/System/Library/PrivateFrameworks/Apple80211.framework/Versions/A/Apple80211
0x000000000b79e000 	/System/Library/Frameworks/CoreWLAN.framework/Versions/A/CoreWLAN
0x000000000b79e000 	/System/Library/Frameworks/IOBluetooth.framework/Versions/A/IOBluetooth
0x000000000b79e000 	/System/Library/PrivateFrameworks/CoreWiFi.framework/Versions/A/CoreWiFi
0x000000000b79e000 	/System/Library/Frameworks/CoreBluetooth.framework/Versions/A/CoreBluetooth
0x000000000b79e000 	/System/Library/PrivateFrameworks/ChunkingLibrary.framework/Versions/A/ChunkingLibrary
0x000000000b79e000 	/System/Library/PrivateFrameworks/DebugSymbols.framework/Versions/A/DebugSymbols
0x000000000b79e000 	/System/Library/PrivateFrameworks/CoreSymbolication.framework/Versions/A/CoreSymbolication
0x000000000b79e000 	/System/Library/PrivateFrameworks/Symbolication.framework/Versions/A/Symbolication
0x000000000b79e000 	/System/Library/PrivateFrameworks/SpeechRecognitionCore.framework/Versions/A/SpeechRecognitionCore
0x0000000107200000 	/Library/Java/JavaVirtualMachines/jdk1.8.0_65.jdk/Contents/Home/jre/lib/server/libjvm.dylib
0x000000000b79e000 	/usr/lib/libstdc++.6.dylib
0x000000010695b000 	/Library/Java/JavaVirtualMachines/jdk1.8.0_65.jdk/Contents/Home/jre/lib/libverify.dylib
0x0000000106969000 	/Library/Java/JavaVirtualMachines/jdk1.8.0_65.jdk/Contents/Home/jre/lib/libjava.dylib
0x00000001069a8000 	/Library/Java/JavaVirtualMachines/jdk1.8.0_65.jdk/Contents/Home/jre/lib/libzip.dylib
0x000000011b546000 	/System/Library/Frameworks/JavaVM.framework/Frameworks/JavaRuntimeSupport.framework/JavaRuntimeSupport
0x000000011b561000 	/System/Library/Frameworks/JavaVM.framework/Versions/A/Frameworks/JavaNativeFoundation.framework/Versions/A/JavaNativeFoundation
0x00000001069ee000 	/System/Library/Frameworks/JavaVM.framework/Versions/A/JavaVM
0x000000000b79e000 	/System/Library/Frameworks/Carbon.framework/Versions/A/Carbon
0x000000011b576000 	/System/Library/PrivateFrameworks/JavaLaunching.framework/Versions/A/JavaLaunching
0x000000000b79e000 	/System/Library/Frameworks/Carbon.framework/Versions/A/Frameworks/CommonPanels.framework/Versions/A/CommonPanels
0x000000000b79e000 	/System/Library/Frameworks/Carbon.framework/Versions/A/Frameworks/Help.framework/Versions/A/Help
0x000000000b79e000 	/System/Library/Frameworks/Carbon.framework/Versions/A/Frameworks/ImageCapture.framework/Versions/A/ImageCapture
0x000000000b79e000 	/System/Library/Frameworks/Carbon.framework/Versions/A/Frameworks/OpenScripting.framework/Versions/A/OpenScripting
0x000000000b79e000 	/System/Library/Frameworks/Carbon.framework/Versions/A/Frameworks/Print.framework/Versions/A/Print
0x000000000b79e000 	/System/Library/Frameworks/Carbon.framework/Versions/A/Frameworks/SecurityHI.framework/Versions/A/SecurityHI
0x000000011d016000 	/Library/Java/JavaVirtualMachines/jdk1.8.0_65.jdk/Contents/Home/jre/lib/libnet.dylib
0x000000011d075000 	/Library/Java/JavaVirtualMachines/jdk1.8.0_65.jdk/Contents/Home/jre/lib/libnio.dylib
0x000000011d085000 	/Users/blazzajec/.gradle/native/19/osx-amd64/libnative-platform.dylib
0x000000011d0bd000 	/Library/Java/JavaVirtualMachines/jdk1.8.0_65.jdk/Contents/Home/jre/lib/libmanagement.dylib

VM Arguments:
jvm_args: -XX:MaxPermSize=256m -XX:+HeapDumpOnOutOfMemoryError -Xmx1024m -Dfile.encoding=UTF-8 -Duser.country=US -Duser.language=en -Duser.variant 
java_command: org.gradle.launcher.daemon.bootstrap.GradleDaemon 2.8
java_class_path (initial): /Users/blazzajec/.gradle/wrapper/dists/gradle-2.8-all/ah86jmo43de9lfa8xg9ux3c4h/gradle-2.8/lib/gradle-launcher-2.8.jar
Launcher Type: SUN_STANDARD

Environment Variables:
PATH=/usr/bin:/bin:/usr/sbin:/sbin
SHELL=/bin/bash

Signal Handlers:
SIGSEGV: [libjvm.dylib+0x5a6d31], sa_mask[0]=11111111011111110111111111111111, sa_flags=SA_ONSTACK|SA_RESTART|SA_SIGINFO
SIGBUS: [libjvm.dylib+0x5a6d31], sa_mask[0]=11111111011111110111111111111111, sa_flags=SA_RESTART|SA_SIGINFO
SIGFPE: [libjvm.dylib+0x480a40], sa_mask[0]=11111111011111110111111111111111, sa_flags=SA_RESTART|SA_SIGINFO
SIGPIPE: [libjvm.dylib+0x480a40], sa_mask[0]=11111111011111110111111111111111, sa_flags=SA_RESTART|SA_SIGINFO
SIGXFSZ: [libjvm.dylib+0x480a40], sa_mask[0]=11111111011111110111111111111111, sa_flags=SA_RESTART|SA_SIGINFO
SIGILL: [libjvm.dylib+0x480a40], sa_mask[0]=11111111011111110111111111111111, sa_flags=SA_RESTART|SA_SIGINFO
SIGUSR1: SIG_DFL, sa_mask[0]=00000000000000000000000000000000, sa_flags=none
SIGUSR2: [libjvm.dylib+0x48055e], sa_mask[0]=00100000000000000000000000000000, sa_flags=SA_RESTART|SA_SIGINFO
SIGHUP: [libjvm.dylib+0x47eb35], sa_mask[0]=11111111011111110111111111111111, sa_flags=SA_RESTART|SA_SIGINFO
SIGINT: [libjvm.dylib+0x47eb35], sa_mask[0]=11111111011111110111111111111111, sa_flags=SA_RESTART|SA_SIGINFO
SIGTERM: [libjvm.dylib+0x47eb35], sa_mask[0]=11111111011111110111111111111111, sa_flags=SA_RESTART|SA_SIGINFO
SIGQUIT: [libjvm.dylib+0x47eb35], sa_mask[0]=11111111011111110111111111111111, sa_flags=SA_RESTART|SA_SIGINFO


---------------  S Y S T E M  ---------------

OS:Bsduname:Darwin 15.0.0 Darwin Kernel Version 15.0.0: Sat Sep 19 15:53:46 PDT 2015; root:xnu-3247.10.11~1/RELEASE_X86_64 x86_64
rlimit: STACK 8192k, CORE 0k, NPROC 709, NOFILE 10240, AS infinity
load average:2.12 2.37 2.38

CPU:total 4 (2 cores per cpu, 2 threads per core) family 6 model 69 stepping 1, cmov, cx8, fxsr, mmx, sse, sse2, sse3, ssse3, sse4.1, sse4.2, popcnt, avx, avx2, aes, clmul, erms, lzcnt, ht, tsc, tscinvbit, bmi1, bmi2

Memory: 4k page, physical 8388608k(690628k free)

/proc/meminfo:


vm_info: Java HotSpot(TM) 64-Bit Server VM (25.65-b01) for bsd-amd64 JRE (1.8.0_65-b17), built on Oct  6 2015 15:36:46 by "java_re" with gcc 4.2.1 (Based on Apple Inc. build 5658) (LLVM build 2336.11.00)

time: Tue Apr 12 10:57:47 2016
elapsed time: 12159 seconds (0d 3h 22m 39s)

