#
# A fatal error has been detected by the Java Runtime Environment:
#
#  SIGSEGV (0xb) at pc=0x000000010ccb452c, pid=2170, tid=10243
#
# JRE version: Java(TM) SE Runtime Environment (8.0_65-b17) (build 1.8.0_65-b17)
# Java VM: Java HotSpot(TM) 64-Bit Server VM (25.65-b01 mixed mode bsd-amd64 compressed oops)
# Problematic frame:
# V  [libjvm.dylib+0x4b452c]  ParCompactionManager::follow_marking_stacks()+0xae
#
# Failed to write core dump. Core dumps have been disabled. To enable core dumping, try "ulimit -c unlimited" before starting Java again
#
# If you would like to submit a bug report, please visit:
#   http://bugreport.java.com/bugreport/crash.jsp
#

---------------  T H R E A D  ---------------

Current thread (0x00007f9c73805000):  GCTaskThread [stack: 0x0000700000423000,0x0000700000523000] [id=10243]

siginfo: si_signo: 11 (SIGSEGV), si_code: 0 (unknown), si_addr: 0x0000000000000000

Registers:
RAX=0x00020000004d0000, RBX=0x00007f9c71c1d7c0, RCX=0x0000000000000103, RDX=0x00000007ba514930
RSP=0x0000700000522c70, RBP=0x0000700000522cf0, RSI=0x00007f9c71c1d7c0, RDI=0x00000007c00288f8
R8 =0x000000000000074a, R9 =0x00000000000008f2, R10=0x1124900092410201, R11=0x0000004000000000
R12=0x00000007ba514930, R13=0x000000010ce0770e, R14=0x00007f9c71c1d7c8, R15=0x000000010d0308d0
RIP=0x000000010ccb452c, EFLAGS=0x0000000000010202, ERR=0x0000000000000000
  TRAPNO=0x000000000000000d

Top of Stack: (sp=0x0000700000522c70)
0x0000700000522c70:   00007f9c71c1d848 00007f9c71c1d800
0x0000700000522c80:   00007f9c71c1d848 00007f9c71c1d880
0x0000700000522c90:   0303030303030303 0000030303030303
0x0000700000522ca0:   00000007ba514930 00007f9c73001000
0x0000700000522cb0:   0000026b00000001 00007f9c71c1d701
0x0000700000522cc0:   00007f9c73805000 00007f9c71c1d7c0
0x0000700000522cd0:   0000000000000000 000000010ce0770e
0x0000700000522ce0:   00007f9c71f08750 0000000000000001
0x0000700000522cf0:   0000700000522db0 000000010cca6a5e
0x0000700000522d00:   00007f9c71f07668 000000010d0c2de0
0x0000700000522d10:   0000000000000000 0000700000522d60
0x0000700000522d20:   0000000000000000 000000010d0c2e80
0x0000700000522d30:   0000700000522d00 0000700000522d60
0x0000700000522d40:   000000010d0c2ea0 000000010cc5c200
0x0000700000522d50:   0000700000522d60 00007f9c71f03701
0x0000700000522d60:   000000010d0c85b0 000000010ca73e00
0x0000700000522d70:   00007f9c71c1d7c0 00007f9c71f05990
0x0000700000522d80:   00007f9c71f059c0 00007f9c71f059d0
0x0000700000522d90:   00007f9c71f05da8 00000000000003d8
0x0000700000522da0:   00007f9c73805000 00007f9c71f08750
0x0000700000522db0:   0000700000522e90 000000010ca743eb
0x0000700000522dc0:   0000700000522df0 00007f9c71f05990
0x0000700000522dd0:   00007f9c71f059c0 00007f9c71f059d0
0x0000700000522de0:   00007f9c71f05da8 00000000000003d8
0x0000700000522df0:   00007f9c73805000 00007f9c71f05db0
0x0000700000522e00:   00007f9c71f05df0 00007f9c71f05e00
0x0000700000522e10:   00007f9c71f05ed8 00000000000000d8
0x0000700000522e20:   0000700000522e30 0000000000000000
0x0000700000522e30:   00007f9c73805000 00007f9c71f05db0
0x0000700000522e40:   00007f9c71f05df0 00007f9c71f05e00
0x0000700000522e50:   00007f9c71f05ed8 00000000000000d8
0x0000700000522e60:   00007f9c71f05ff0 00007f9c73805000 

Instructions: (pc=0x000000010ccb452c)
0x000000010ccb450c:   11 41 8a 4f 08 41 8b 7c 24 08 48 d3 e7 49 03 3f
0x000000010ccb451c:   eb 05 49 8b 7c 24 08 48 8b 07 48 89 de 4c 89 e2
0x000000010ccb452c:   ff 90 20 01 00 00 8b 43 08 89 c1 2b 4b 10 f7 c1
0x000000010ccb453c:   ff ff 01 00 74 73 05 ff ff 01 00 89 c6 81 e6 ff 

Register to memory mapping:

RAX=0x00020000004d0000 is an unknown value
RBX=0x00007f9c71c1d7c0 is an unknown value
RCX=0x0000000000000103 is an unknown value
RDX=0x00000007ba514930 is an oop

[error occurred during error reporting (printing register info), id 0xb]

Stack: [0x0000700000423000,0x0000700000523000],  sp=0x0000700000522c70,  free space=1023k
Native frames: (J=compiled Java code, j=interpreted, Vv=VM code, C=native code)
V  [libjvm.dylib+0x4b452c]  ParCompactionManager::follow_marking_stacks()+0xae
V  [libjvm.dylib+0x4a6a5e]  ThreadRootsMarkingTask::do_it(GCTaskManager*, unsigned int)+0x11e
V  [libjvm.dylib+0x2743eb]  GCTaskThread::run()+0x1a1
V  [libjvm.dylib+0x48342e]  java_start(Thread*)+0xf6
C  [libsystem_pthread.dylib+0x39b1]  _pthread_body+0x83
C  [libsystem_pthread.dylib+0x392e]  _pthread_body+0x0
C  [libsystem_pthread.dylib+0x1385]  thread_start+0xd


---------------  P R O C E S S  ---------------

Java Threads: ( => current thread )
  0x00007f9c721d8800 JavaThread "pool-2-thread-4" [_thread_blocked, id=21763, stack(0x0000700001456000,0x0000700001556000)]
  0x00007f9c73001000 JavaThread "pool-2-thread-3" [_thread_blocked, id=21251, stack(0x0000700001353000,0x0000700001453000)]
  0x00007f9c721d5800 JavaThread "pool-2-thread-2" [_thread_blocked, id=20739, stack(0x0000700001250000,0x0000700001350000)]
  0x00007f9c73996800 JavaThread "pool-3-thread-1" [_thread_blocked, id=20227, stack(0x000070000114d000,0x000070000124d000)]
  0x00007f9c72071800 JavaThread "pool-2-thread-1" [_thread_blocked, id=19715, stack(0x000070000104a000,0x000070000114a000)]
  0x00007f9c72800800 JavaThread "Service Thread" daemon [_thread_blocked, id=18691, stack(0x0000700000e44000,0x0000700000f44000)]
  0x00007f9c73836000 JavaThread "C1 CompilerThread2" daemon [_thread_blocked, id=18179, stack(0x0000700000d41000,0x0000700000e41000)]
  0x00007f9c73835800 JavaThread "C2 CompilerThread1" daemon [_thread_blocked, id=17667, stack(0x0000700000c3e000,0x0000700000d3e000)]
  0x00007f9c73831800 JavaThread "C2 CompilerThread0" daemon [_thread_blocked, id=17155, stack(0x0000700000b3b000,0x0000700000c3b000)]
  0x00007f9c73831000 JavaThread "Signal Dispatcher" daemon [_thread_blocked, id=13839, stack(0x0000700000a38000,0x0000700000b38000)]
  0x00007f9c7202d000 JavaThread "Finalizer" daemon [_thread_blocked, id=12291, stack(0x000070000082f000,0x000070000092f000)]
  0x00007f9c7202c000 JavaThread "Reference Handler" daemon [_thread_blocked, id=11779, stack(0x000070000072c000,0x000070000082c000)]
  0x00007f9c73002800 JavaThread "main" [_thread_blocked, id=5891, stack(0x000070000011a000,0x000070000021a000)]

Other Threads:
  0x00007f9c7202b800 VMThread [stack: 0x0000700000629000,0x0000700000729000] [id=11267]
  0x00007f9c7282b800 WatcherThread [stack: 0x0000700000f47000,0x0000700001047000] [id=19203]

=>0x00007f9c73805000 (exited) GCTaskThread [stack: 0x0000700000423000,0x0000700000523000] [id=10243]

VM state:at safepoint (normal execution)

VM Mutex/Monitor currently owned by a thread:  ([mutex/lock_event])
[0x00007f9c71c182e0] Threads_lock - owner thread: 0x00007f9c7202b800
[0x00007f9c71c187e0] Heap_lock - owner thread: 0x00007f9c73001000

Heap:
 PSYoungGen      total 238592K, used 68178K [0x00000007aab00000, 0x00000007c0000000, 0x00000007c0000000)
  eden space 137216K, 0% used [0x00000007aab00000,0x00000007aab00000,0x00000007b3100000)
  from space 101376K, 67% used [0x00000007b9d00000,0x00000007bdf94898,0x00000007c0000000)
  to   space 105984K, 0% used [0x00000007b3100000,0x00000007b3100000,0x00000007b9880000)
 ParOldGen       total 169984K, used 163543K [0x0000000780000000, 0x000000078a600000, 0x00000007aab00000)
  object space 169984K, 96% used [0x0000000780000000,0x0000000789fb5f78,0x000000078a600000)
 Metaspace       used 6571K, capacity 7320K, committed 7680K, reserved 1056768K
  class space    used 618K, capacity 656K, committed 768K, reserved 1048576K

Card table byte_map: [0x000000011cb49000,0x000000011cd4a000] byte_map_base: 0x0000000118f49000

Marking Bits: (ParMarkBitMap*) 0x000000010d0dee20
 Begin Bits: [0x000000011cea0000, 0x000000011dea0000)
 End Bits:   [0x000000011dea0000, 0x000000011eea0000)

Polling page: 0x000000010bf7c000

CodeCache: size=245760Kb used=10066Kb max_used=10066Kb free=235693Kb
 bounds [0x000000010d789000, 0x000000010e169000, 0x000000011c789000]
 total_blobs=2660 nmethods=2391 adapters=182
 compilation: enabled

Compilation events (10 events):
Event: 9.332 Thread 0x00007f9c73836000 2682 %     3       com.android.dx.ssa.back.IdenticalBlockCombiner::combineBlocks @ 8 (102 bytes)
Event: 9.333 Thread 0x00007f9c73836000 nmethod 2682% 0x000000010e15f890 code [0x000000010e15fa80, 0x000000010e1603d8]
Event: 9.333 Thread 0x00007f9c73836000 2680       2       java.util.HashMap::replacementTreeNode (21 bytes)
Event: 9.333 Thread 0x00007f9c73836000 nmethod 2680 0x000000010e160850 code [0x000000010e1609c0, 0x000000010e160bf0]
Event: 9.335 Thread 0x00007f9c73836000 2684       2       com.android.dx.rop.cst.CstLiteral64::<init> (10 bytes)
Event: 9.335 Thread 0x00007f9c73836000 nmethod 2684 0x000000010e15df10 code [0x000000010e15e060, 0x000000010e15e1b0]
Event: 9.335 Thread 0x00007f9c73836000 2683       2       com.android.dx.util.ByteArray::getLong (104 bytes)
Event: 9.336 Thread 0x00007f9c73836000 nmethod 2683 0x000000010e160cd0 code [0x000000010e160e40, 0x000000010e161168]
Event: 9.341 Thread 0x00007f9c73836000 2685       3       com.android.dx.ssa.back.IdenticalBlockCombiner::combineBlocks (102 bytes)
Event: 9.342 Thread 0x00007f9c73836000 nmethod 2685 0x000000010e161410 code [0x000000010e161600, 0x000000010e161eb8]

GC Heap History (10 events):
Event: 6.415 GC heap after
Heap after GC invocations=9 (full 1):
 PSYoungGen      total 262656K, used 38220K [0x00000007aab00000, 0x00000007c0000000, 0x00000007c0000000)
  eden space 212992K, 0% used [0x00000007aab00000,0x00000007aab00000,0x00000007b7b00000)
  from space 49664K, 76% used [0x00000007bcf80000,0x00000007bf4d3240,0x00000007c0000000)
  to   space 68096K, 0% used [0x00000007b7b00000,0x00000007b7b00000,0x00000007bbd80000)
 ParOldGen       total 169984K, used 87158K [0x0000000780000000, 0x000000078a600000, 0x00000007aab00000)
  object space 169984K, 51% used [0x0000000780000000,0x000000078551d810,0x000000078a600000)
 Metaspace       used 6547K, capacity 7320K, committed 7680K, reserved 1056768K
  class space    used 618K, capacity 656K, committed 768K, reserved 1048576K
}
Event: 7.283 GC heap before
{Heap before GC invocations=10 (full 1):
 PSYoungGen      total 262656K, used 251212K [0x00000007aab00000, 0x00000007c0000000, 0x00000007c0000000)
  eden space 212992K, 100% used [0x00000007aab00000,0x00000007b7b00000,0x00000007b7b00000)
  from space 49664K, 76% used [0x00000007bcf80000,0x00000007bf4d3240,0x00000007c0000000)
  to   space 68096K, 0% used [0x00000007b7b00000,0x00000007b7b00000,0x00000007bbd80000)
 ParOldGen       total 169984K, used 87159K [0x0000000780000000, 0x000000078a600000, 0x00000007aab00000)
  object space 169984K, 51% used [0x0000000780000000,0x000000078551dd88,0x000000078a600000)
 Metaspace       used 6556K, capacity 7320K, committed 7680K, reserved 1056768K
  class space    used 618K, capacity 656K, committed 768K, reserved 1048576K
Event: 7.401 GC heap after
Heap after GC invocations=10 (full 1):
 PSYoungGen      total 272384K, used 59139K [0x00000007aab00000, 0x00000007c0000000, 0x00000007c0000000)
  eden space 212992K, 0% used [0x00000007aab00000,0x00000007aab00000,0x00000007b7b00000)
  from space 59392K, 99% used [0x00000007b7b00000,0x00000007bb4c0ff8,0x00000007bb500000)
  to   space 76800K, 0% used [0x00000007bb500000,0x00000007bb500000,0x00000007c0000000)
 ParOldGen       total 169984K, used 97957K [0x0000000780000000, 0x000000078a600000, 0x00000007aab00000)
  object space 169984K, 57% used [0x0000000780000000,0x0000000785fa96d0,0x000000078a600000)
 Metaspace       used 6556K, capacity 7320K, committed 7680K, reserved 1056768K
  class space    used 618K, capacity 656K, committed 768K, reserved 1048576K
}
Event: 8.085 GC heap before
{Heap before GC invocations=11 (full 1):
 PSYoungGen      total 272384K, used 272131K [0x00000007aab00000, 0x00000007c0000000, 0x00000007c0000000)
  eden space 212992K, 100% used [0x00000007aab00000,0x00000007b7b00000,0x00000007b7b00000)
  from space 59392K, 99% used [0x00000007b7b00000,0x00000007bb4c0ff8,0x00000007bb500000)
  to   space 76800K, 0% used [0x00000007bb500000,0x00000007bb500000,0x00000007c0000000)
 ParOldGen       total 169984K, used 97963K [0x0000000780000000, 0x000000078a600000, 0x00000007aab00000)
  object space 169984K, 57% used [0x0000000780000000,0x0000000785faad70,0x000000078a600000)
 Metaspace       used 6560K, capacity 7320K, committed 7680K, reserved 1056768K
  class space    used 618K, capacity 656K, committed 768K, reserved 1048576K
Event: 8.214 GC heap after
Heap after GC invocations=11 (full 1):
 PSYoungGen      total 238592K, used 76768K [0x00000007aab00000, 0x00000007c0000000, 0x00000007c0000000)
  eden space 161792K, 0% used [0x00000007aab00000,0x00000007aab00000,0x00000007b4900000)
  from space 76800K, 99% used [0x00000007bb500000,0x00000007bfff83a0,0x00000007c0000000)
  to   space 93696K, 0% used [0x00000007b4900000,0x00000007b4900000,0x00000007ba480000)
 ParOldGen       total 169984K, used 108801K [0x0000000780000000, 0x000000078a600000, 0x00000007aab00000)
  object space 169984K, 64% used [0x0000000780000000,0x0000000786a40768,0x000000078a600000)
 Metaspace       used 6560K, capacity 7320K, committed 7680K, reserved 1056768K
  class space    used 618K, capacity 656K, committed 768K, reserved 1048576K
}
Event: 8.721 GC heap before
{Heap before GC invocations=12 (full 1):
 PSYoungGen      total 238592K, used 238560K [0x00000007aab00000, 0x00000007c0000000, 0x00000007c0000000)
  eden space 161792K, 100% used [0x00000007aab00000,0x00000007b4900000,0x00000007b4900000)
  from space 76800K, 99% used [0x00000007bb500000,0x00000007bfff83a0,0x00000007c0000000)
  to   space 93696K, 0% used [0x00000007b4900000,0x00000007b4900000,0x00000007ba480000)
 ParOldGen       total 169984K, used 108801K [0x0000000780000000, 0x000000078a600000, 0x00000007aab00000)
  object space 169984K, 64% used [0x0000000780000000,0x0000000786a40768,0x000000078a600000)
 Metaspace       used 6563K, capacity 7320K, committed 7680K, reserved 1056768K
  class space    used 618K, capacity 656K, committed 768K, reserved 1048576K
Event: 8.868 GC heap after
Heap after GC invocations=12 (full 1):
 PSYoungGen      total 233472K, used 71548K [0x00000007aab00000, 0x00000007c0000000, 0x00000007c0000000)
  eden space 161792K, 0% used [0x00000007aab00000,0x00000007aab00000,0x00000007b4900000)
  from space 71680K, 99% used [0x00000007b4900000,0x00000007b8edf3f0,0x00000007b8f00000)
  to   space 101376K, 0% used [0x00000007b9d00000,0x00000007b9d00000,0x00000007c0000000)
 ParOldGen       total 169984K, used 136566K [0x0000000780000000, 0x000000078a600000, 0x00000007aab00000)
  object space 169984K, 80% used [0x0000000780000000,0x000000078855db70,0x000000078a600000)
 Metaspace       used 6563K, capacity 7320K, committed 7680K, reserved 1056768K
  class space    used 618K, capacity 656K, committed 768K, reserved 1048576K
}
Event: 9.409 GC heap before
{Heap before GC invocations=13 (full 1):
 PSYoungGen      total 233472K, used 233340K [0x00000007aab00000, 0x00000007c0000000, 0x00000007c0000000)
  eden space 161792K, 100% used [0x00000007aab00000,0x00000007b4900000,0x00000007b4900000)
  from space 71680K, 99% used [0x00000007b4900000,0x00000007b8edf3f0,0x00000007b8f00000)
  to   space 101376K, 0% used [0x00000007b9d00000,0x00000007b9d00000,0x00000007c0000000)
 ParOldGen       total 169984K, used 136566K [0x0000000780000000, 0x000000078a600000, 0x00000007aab00000)
  object space 169984K, 80% used [0x0000000780000000,0x000000078855db70,0x000000078a600000)
 Metaspace       used 6571K, capacity 7320K, committed 7680K, reserved 1056768K
  class space    used 618K, capacity 656K, committed 768K, reserved 1048576K
Event: 9.535 GC heap after
Heap after GC invocations=13 (full 1):
 PSYoungGen      total 238592K, used 68178K [0x00000007aab00000, 0x00000007c0000000, 0x00000007c0000000)
  eden space 137216K, 0% used [0x00000007aab00000,0x00000007aab00000,0x00000007b3100000)
  from space 101376K, 67% used [0x00000007b9d00000,0x00000007bdf94898,0x00000007c0000000)
  to   space 105984K, 0% used [0x00000007b3100000,0x00000007b3100000,0x00000007b9880000)
 ParOldGen       total 169984K, used 163543K [0x0000000780000000, 0x000000078a600000, 0x00000007aab00000)
  object space 169984K, 96% used [0x0000000780000000,0x0000000789fb5f78,0x000000078a600000)
 Metaspace       used 6571K, capacity 7320K, committed 7680K, reserved 1056768K
  class space    used 618K, capacity 656K, committed 768K, reserved 1048576K
}
Event: 9.535 GC heap before
{Heap before GC invocations=14 (full 2):
 PSYoungGen      total 238592K, used 68178K [0x00000007aab00000, 0x00000007c0000000, 0x00000007c0000000)
  eden space 137216K, 0% used [0x00000007aab00000,0x00000007aab00000,0x00000007b3100000)
  from space 101376K, 67% used [0x00000007b9d00000,0x00000007bdf94898,0x00000007c0000000)
  to   space 105984K, 0% used [0x00000007b3100000,0x00000007b3100000,0x00000007b9880000)
 ParOldGen       total 169984K, used 163543K [0x0000000780000000, 0x000000078a600000, 0x00000007aab00000)
  object space 169984K, 96% used [0x0000000780000000,0x0000000789fb5f78,0x000000078a600000)
 Metaspace       used 6571K, capacity 7320K, committed 7680K, reserved 1056768K
  class space    used 618K, capacity 656K, committed 768K, reserved 1048576K

Deoptimization events (10 events):
Event: 2.106 Thread 0x00007f9c72071800 Uncommon trap: reason=null_check action=make_not_entrant pc=0x000000010dc88074 method=com.android.dx.ssa.SsaRenamer.getLocalForNewReg(I)Lcom/android/dx/rop/code/LocalItem; @ 19
Event: 2.475 Thread 0x00007f9c73002800 Uncommon trap: reason=unstable_if action=reinterpret pc=0x000000010dca5cc4 method=java.util.HashMap.getNode(ILjava/lang/Object;)Ljava/util/HashMap$Node; @ 84
Event: 2.790 Thread 0x00007f9c73001000 Uncommon trap: reason=unstable_if action=reinterpret pc=0x000000010dc9ea10 method=java.util.HashMap.getNode(ILjava/lang/Object;)Ljava/util/HashMap$Node; @ 84
Event: 2.936 Thread 0x00007f9c72071800 Uncommon trap: reason=unstable_if action=reinterpret pc=0x000000010dd696f4 method=java.util.HashMap.getNode(ILjava/lang/Object;)Ljava/util/HashMap$Node; @ 84
Event: 3.596 Thread 0x00007f9c73002800 Uncommon trap: reason=unstable_if action=reinterpret pc=0x000000010ddd25c8 method=java.util.HashMap.putVal(ILjava/lang/Object;Ljava/lang/Object;ZZ)Ljava/lang/Object; @ 109
Event: 3.979 Thread 0x00007f9c73001000 Uncommon trap: reason=unstable_if action=reinterpret pc=0x000000010df22af0 method=java.util.HashMap.getNode(ILjava/lang/Object;)Ljava/util/HashMap$Node; @ 84
Event: 4.825 Thread 0x00007f9c721d8800 Uncommon trap: reason=unstable_if action=reinterpret pc=0x000000010df37a3c method=com.android.dx.rop.code.RegisterSpec.intersect(Lcom/android/dx/rop/code/RegisterSpec;Z)Lcom/android/dx/rop/code/RegisterSpec; @ 42
Event: 5.201 Thread 0x00007f9c721d5800 Uncommon trap: reason=unstable_if action=reinterpret pc=0x000000010dfff8f8 method=com.android.dx.ssa.SCCP.simulateBranch(Lcom/android/dx/ssa/SsaInsn;)V @ 548
Event: 7.430 Thread 0x00007f9c721d5800 Uncommon trap: reason=unstable_if action=reinterpret pc=0x000000010e0975d4 method=com.android.dx.rop.code.RegisterSpecSet.localItemToSpec(Lcom/android/dx/rop/code/LocalItem;)Lcom/android/dx/rop/code/RegisterSpec; @ 35
Event: 8.547 Thread 0x00007f9c73001000 Uncommon trap: reason=unstable_if action=reinterpret pc=0x000000010e0f9a1c method=com.android.dx.cf.code.BaseMachine.getLocalTarget(Z)Lcom/android/dx/rop/code/RegisterSpec; @ 131

Internal exceptions (6 events):
Event: 0.044 Thread 0x00007f9c73002800 Exception <a 'java/lang/NoSuchMethodError': Method sun.misc.Unsafe.defineClass(Ljava/lang/String;[BII)Ljava/lang/Class; name or signature does not match> (0x00000007aab12f10) thrown at [/Users/java_re/workspace/8-2-build-macosx-x86_64/jdk8u65/4987/hotspot
Event: 0.044 Thread 0x00007f9c73002800 Exception <a 'java/lang/NoSuchMethodError': Method sun.misc.Unsafe.prefetchRead(Ljava/lang/Object;J)V name or signature does not match> (0x00000007aab131f8) thrown at [/Users/java_re/workspace/8-2-build-macosx-x86_64/jdk8u65/4987/hotspot/src/share/vm/prim
Event: 2.106 Thread 0x00007f9c72071800 Implicit null exception at 0x000000010dc83133 to 0x000000010dc88045
Event: 2.468 Thread 0x00007f9c721d5800 Exception <a 'java/lang/ArrayIndexOutOfBoundsException': 18> (0x00000007afd6cd40) thrown at [/Users/java_re/workspace/8-2-build-macosx-x86_64/jdk8u65/4987/hotspot/src/share/vm/interpreter/interpreterRuntime.cpp, line 366]
Event: 2.469 Thread 0x00007f9c721d5800 Exception <a 'java/lang/ArrayIndexOutOfBoundsException': 145> (0x00000007afd6e8c0) thrown at [/Users/java_re/workspace/8-2-build-macosx-x86_64/jdk8u65/4987/hotspot/src/share/vm/interpreter/interpreterRuntime.cpp, line 366]
Event: 2.470 Thread 0x00007f9c721d5800 Exception <a 'java/lang/ArrayIndexOutOfBoundsException': 40> (0x00000007afd6fba8) thrown at [/Users/java_re/workspace/8-2-build-macosx-x86_64/jdk8u65/4987/hotspot/src/share/vm/interpreter/interpreterRuntime.cpp, line 366]

Events (10 events):
Event: 9.093 Thread 0x00007f9c721d8800 DEOPT UNPACKING pc=0x000000010d7d0633 sp=0x0000700001554e50 mode 0
Event: 9.166 Thread 0x00007f9c72071800 DEOPT PACKING pc=0x000000010db687f4 sp=0x0000700001149150
Event: 9.166 Thread 0x00007f9c72071800 DEOPT UNPACKING pc=0x000000010d7d0633 sp=0x0000700001148e50 mode 0
Event: 9.219 Thread 0x00007f9c73001000 DEOPT PACKING pc=0x000000010db687f4 sp=0x0000700001452150
Event: 9.219 Thread 0x00007f9c73001000 DEOPT UNPACKING pc=0x000000010d7d0633 sp=0x0000700001451e50 mode 0
Event: 9.295 Thread 0x00007f9c721d5800 DEOPT PACKING pc=0x000000010db687f4 sp=0x000070000134f150
Event: 9.295 Thread 0x00007f9c721d5800 DEOPT UNPACKING pc=0x000000010d7d0633 sp=0x000070000134ee50 mode 0
Event: 9.341 Thread 0x00007f9c73002800 DEOPT PACKING pc=0x000000010db687f4 sp=0x00007000002187d0
Event: 9.341 Thread 0x00007f9c73002800 DEOPT UNPACKING pc=0x000000010d7d0633 sp=0x00007000002184d0 mode 0
Event: 9.406 Executing VM operation: ParallelGCFailedAllocation


Dynamic libraries:
0x00000000094cb000 	/System/Library/Frameworks/Cocoa.framework/Versions/A/Cocoa
0x00000000094cb000 	/System/Library/Frameworks/Security.framework/Versions/A/Security
0x00000000094cb000 	/System/Library/Frameworks/ApplicationServices.framework/Versions/A/ApplicationServices
0x00000000094cb000 	/usr/lib/libz.1.dylib
0x00000000094cb000 	/usr/lib/libSystem.B.dylib
0x00000000094cb000 	/usr/lib/libobjc.A.dylib
0x00000000094cb000 	/System/Library/Frameworks/CoreFoundation.framework/Versions/A/CoreFoundation
0x00000000094cb000 	/System/Library/Frameworks/Foundation.framework/Versions/C/Foundation
0x00000000094cb000 	/System/Library/Frameworks/AppKit.framework/Versions/C/AppKit
0x00000000094cb000 	/System/Library/Frameworks/CoreData.framework/Versions/A/CoreData
0x00000000094cb000 	/System/Library/PrivateFrameworks/RemoteViewServices.framework/Versions/A/RemoteViewServices
0x00000000094cb000 	/System/Library/PrivateFrameworks/UIFoundation.framework/Versions/A/UIFoundation
0x00000000094cb000 	/usr/lib/libScreenReader.dylib
0x00000000094cb000 	/System/Library/Frameworks/Accelerate.framework/Versions/A/Accelerate
0x00000000094cb000 	/System/Library/Frameworks/IOSurface.framework/Versions/A/IOSurface
0x00000000094cb000 	/System/Library/Frameworks/AudioToolbox.framework/Versions/A/AudioToolbox
0x00000000094cb000 	/System/Library/Frameworks/AudioUnit.framework/Versions/A/AudioUnit
0x00000000094cb000 	/System/Library/PrivateFrameworks/DataDetectorsCore.framework/Versions/A/DataDetectorsCore
0x00000000094cb000 	/System/Library/PrivateFrameworks/DesktopServicesPriv.framework/Versions/A/DesktopServicesPriv
0x00000000094cb000 	/System/Library/Frameworks/Carbon.framework/Versions/A/Frameworks/HIToolbox.framework/Versions/A/HIToolbox
0x00000000094cb000 	/System/Library/Frameworks/QuartzCore.framework/Versions/A/QuartzCore
0x00000000094cb000 	/System/Library/Frameworks/Carbon.framework/Versions/A/Frameworks/SpeechRecognition.framework/Versions/A/SpeechRecognition
0x00000000094cb000 	/usr/lib/libauto.dylib
0x00000000094cb000 	/usr/lib/libicucore.A.dylib
0x00000000094cb000 	/usr/lib/libxml2.2.dylib
0x00000000094cb000 	/System/Library/PrivateFrameworks/CoreUI.framework/Versions/A/CoreUI
0x00000000094cb000 	/System/Library/Frameworks/CoreAudio.framework/Versions/A/CoreAudio
0x00000000094cb000 	/System/Library/Frameworks/DiskArbitration.framework/Versions/A/DiskArbitration
0x00000000094cb000 	/usr/lib/liblangid.dylib
0x00000000094cb000 	/System/Library/PrivateFrameworks/MultitouchSupport.framework/Versions/A/MultitouchSupport
0x00000000094cb000 	/System/Library/Frameworks/IOKit.framework/Versions/A/IOKit
0x00000000094cb000 	/usr/lib/libDiagnosticMessagesClient.dylib
0x00000000094cb000 	/System/Library/Frameworks/CoreServices.framework/Versions/A/CoreServices
0x00000000094cb000 	/System/Library/PrivateFrameworks/PerformanceAnalysis.framework/Versions/A/PerformanceAnalysis
0x00000000094cb000 	/System/Library/PrivateFrameworks/GenerationalStorage.framework/Versions/A/GenerationalStorage
0x00000000094cb000 	/System/Library/Frameworks/OpenGL.framework/Versions/A/OpenGL
0x00000000094cb000 	/System/Library/PrivateFrameworks/Sharing.framework/Versions/A/Sharing
0x00000000094cb000 	/System/Library/Frameworks/CoreGraphics.framework/Versions/A/CoreGraphics
0x00000000094cb000 	/System/Library/Frameworks/CoreImage.framework/Versions/A/CoreImage
0x00000000094cb000 	/System/Library/Frameworks/CoreText.framework/Versions/A/CoreText
0x00000000094cb000 	/System/Library/Frameworks/ImageIO.framework/Versions/A/ImageIO
0x00000000094cb000 	/System/Library/PrivateFrameworks/Backup.framework/Versions/A/Backup
0x00000000094cb000 	/usr/lib/libextension.dylib
0x00000000094cb000 	/usr/lib/libarchive.2.dylib
0x00000000094cb000 	/System/Library/Frameworks/CFNetwork.framework/Versions/A/CFNetwork
0x00000000094cb000 	/System/Library/Frameworks/SystemConfiguration.framework/Versions/A/SystemConfiguration
0x00000000094cb000 	/usr/lib/libCRFSuite.dylib
0x00000000094cb000 	/usr/lib/libc++.1.dylib
0x00000000094cb000 	/usr/lib/libc++abi.dylib
0x00000000094cb000 	/usr/lib/system/libcache.dylib
0x00000000094cb000 	/usr/lib/system/libcommonCrypto.dylib
0x00000000094cb000 	/usr/lib/system/libcompiler_rt.dylib
0x00000000094cb000 	/usr/lib/system/libcopyfile.dylib
0x00000000094cb000 	/usr/lib/system/libcorecrypto.dylib
0x00000000094cb000 	/usr/lib/system/libdispatch.dylib
0x00000000094cb000 	/usr/lib/system/libdyld.dylib
0x00000000094cb000 	/usr/lib/system/libkeymgr.dylib
0x00000000094cb000 	/usr/lib/system/liblaunch.dylib
0x00000000094cb000 	/usr/lib/system/libmacho.dylib
0x00000000094cb000 	/usr/lib/system/libquarantine.dylib
0x00000000094cb000 	/usr/lib/system/libremovefile.dylib
0x00000000094cb000 	/usr/lib/system/libsystem_asl.dylib
0x00000000094cb000 	/usr/lib/system/libsystem_blocks.dylib
0x00000000094cb000 	/usr/lib/system/libsystem_c.dylib
0x00000000094cb000 	/usr/lib/system/libsystem_configuration.dylib
0x00000000094cb000 	/usr/lib/system/libsystem_coreservices.dylib
0x00000000094cb000 	/usr/lib/system/libsystem_coretls.dylib
0x00000000094cb000 	/usr/lib/system/libsystem_dnssd.dylib
0x00000000094cb000 	/usr/lib/system/libsystem_info.dylib
0x00000000094cb000 	/usr/lib/system/libsystem_kernel.dylib
0x00000000094cb000 	/usr/lib/system/libsystem_m.dylib
0x00000000094cb000 	/usr/lib/system/libsystem_malloc.dylib
0x00000000094cb000 	/usr/lib/system/libsystem_network.dylib
0x00000000094cb000 	/usr/lib/system/libsystem_networkextension.dylib
0x00000000094cb000 	/usr/lib/system/libsystem_notify.dylib
0x00000000094cb000 	/usr/lib/system/libsystem_platform.dylib
0x00000000094cb000 	/usr/lib/system/libsystem_pthread.dylib
0x00000000094cb000 	/usr/lib/system/libsystem_sandbox.dylib
0x00000000094cb000 	/usr/lib/system/libsystem_secinit.dylib
0x00000000094cb000 	/usr/lib/system/libsystem_trace.dylib
0x00000000094cb000 	/usr/lib/system/libunc.dylib
0x00000000094cb000 	/usr/lib/system/libunwind.dylib
0x00000000094cb000 	/usr/lib/system/libxpc.dylib
0x00000000094cb000 	/usr/lib/libenergytrace.dylib
0x00000000094cb000 	/usr/lib/libbsm.0.dylib
0x00000000094cb000 	/usr/lib/system/libkxld.dylib
0x00000000094cb000 	/usr/lib/libxar.1.dylib
0x00000000094cb000 	/usr/lib/libsqlite3.dylib
0x00000000094cb000 	/usr/lib/libpam.2.dylib
0x00000000094cb000 	/usr/lib/libOpenScriptingUtil.dylib
0x00000000094cb000 	/usr/lib/libbz2.1.0.dylib
0x00000000094cb000 	/usr/lib/liblzma.5.dylib
0x00000000094cb000 	/System/Library/Frameworks/CoreServices.framework/Versions/A/Frameworks/FSEvents.framework/Versions/A/FSEvents
0x00000000094cb000 	/System/Library/Frameworks/CoreServices.framework/Versions/A/Frameworks/CarbonCore.framework/Versions/A/CarbonCore
0x00000000094cb000 	/System/Library/Frameworks/CoreServices.framework/Versions/A/Frameworks/Metadata.framework/Versions/A/Metadata
0x00000000094cb000 	/System/Library/Frameworks/CoreServices.framework/Versions/A/Frameworks/OSServices.framework/Versions/A/OSServices
0x00000000094cb000 	/System/Library/Frameworks/CoreServices.framework/Versions/A/Frameworks/SearchKit.framework/Versions/A/SearchKit
0x00000000094cb000 	/System/Library/Frameworks/CoreServices.framework/Versions/A/Frameworks/AE.framework/Versions/A/AE
0x00000000094cb000 	/System/Library/Frameworks/CoreServices.framework/Versions/A/Frameworks/LaunchServices.framework/Versions/A/LaunchServices
0x00000000094cb000 	/System/Library/Frameworks/CoreServices.framework/Versions/A/Frameworks/DictionaryServices.framework/Versions/A/DictionaryServices
0x00000000094cb000 	/System/Library/Frameworks/CoreServices.framework/Versions/A/Frameworks/SharedFileList.framework/Versions/A/SharedFileList
0x00000000094cb000 	/System/Library/Frameworks/NetFS.framework/Versions/A/NetFS
0x00000000094cb000 	/System/Library/PrivateFrameworks/NetAuth.framework/Versions/A/NetAuth
0x00000000094cb000 	/System/Library/PrivateFrameworks/login.framework/Versions/A/Frameworks/loginsupport.framework/Versions/A/loginsupport
0x00000000094cb000 	/System/Library/PrivateFrameworks/TCC.framework/Versions/A/TCC
0x00000000094cb000 	/usr/lib/libmecabra.dylib
0x00000000094cb000 	/System/Library/Frameworks/ApplicationServices.framework/Versions/A/Frameworks/ATS.framework/Versions/A/ATS
0x00000000094cb000 	/System/Library/Frameworks/ApplicationServices.framework/Versions/A/Frameworks/ColorSync.framework/Versions/A/ColorSync
0x00000000094cb000 	/System/Library/Frameworks/ApplicationServices.framework/Versions/A/Frameworks/HIServices.framework/Versions/A/HIServices
0x00000000094cb000 	/System/Library/Frameworks/ApplicationServices.framework/Versions/A/Frameworks/LangAnalysis.framework/Versions/A/LangAnalysis
0x00000000094cb000 	/System/Library/Frameworks/ApplicationServices.framework/Versions/A/Frameworks/PrintCore.framework/Versions/A/PrintCore
0x00000000094cb000 	/System/Library/Frameworks/ApplicationServices.framework/Versions/A/Frameworks/QD.framework/Versions/A/QD
0x00000000094cb000 	/System/Library/Frameworks/ApplicationServices.framework/Versions/A/Frameworks/SpeechSynthesis.framework/Versions/A/SpeechSynthesis
0x00000000094cb000 	/System/Library/Frameworks/Metal.framework/Versions/A/Metal
0x00000000094cb000 	/System/Library/Frameworks/Accelerate.framework/Versions/A/Frameworks/vImage.framework/Versions/A/vImage
0x00000000094cb000 	/System/Library/Frameworks/Accelerate.framework/Versions/A/Frameworks/vecLib.framework/Versions/A/vecLib
0x00000000094cb000 	/System/Library/Frameworks/Accelerate.framework/Versions/A/Frameworks/vecLib.framework/Versions/A/libvDSP.dylib
0x00000000094cb000 	/System/Library/Frameworks/Accelerate.framework/Versions/A/Frameworks/vecLib.framework/Versions/A/libvMisc.dylib
0x00000000094cb000 	/System/Library/Frameworks/Accelerate.framework/Versions/A/Frameworks/vecLib.framework/Versions/A/libLAPACK.dylib
0x00000000094cb000 	/System/Library/Frameworks/Accelerate.framework/Versions/A/Frameworks/vecLib.framework/Versions/A/libBLAS.dylib
0x00000000094cb000 	/System/Library/Frameworks/Accelerate.framework/Versions/A/Frameworks/vecLib.framework/Versions/A/libLinearAlgebra.dylib
0x00000000094cb000 	/System/Library/Frameworks/Accelerate.framework/Versions/A/Frameworks/vecLib.framework/Versions/A/libSparseBLAS.dylib
0x00000000094cb000 	/System/Library/PrivateFrameworks/GPUCompiler.framework/libmetal_timestamp.dylib
0x00000000094cb000 	/System/Library/Frameworks/OpenGL.framework/Versions/A/Libraries/libCoreFSCache.dylib
0x00000000094cb000 	/System/Library/PrivateFrameworks/IOAccelerator.framework/Versions/A/IOAccelerator
0x00000000094cb000 	/System/Library/Frameworks/ApplicationServices.framework/Versions/A/Frameworks/ATS.framework/Versions/A/Resources/libFontParser.dylib
0x00000000094cb000 	/System/Library/Frameworks/ApplicationServices.framework/Versions/A/Frameworks/ATS.framework/Versions/A/Resources/libFontRegistry.dylib
0x00000000094cb000 	/System/Library/PrivateFrameworks/AppleVPA.framework/Versions/A/AppleVPA
0x00000000094cb000 	/System/Library/PrivateFrameworks/AppleJPEG.framework/Versions/A/AppleJPEG
0x00000000094cb000 	/System/Library/Frameworks/ImageIO.framework/Versions/A/Resources/libJPEG.dylib
0x00000000094cb000 	/System/Library/Frameworks/ImageIO.framework/Versions/A/Resources/libTIFF.dylib
0x00000000094cb000 	/System/Library/Frameworks/ImageIO.framework/Versions/A/Resources/libPng.dylib
0x00000000094cb000 	/System/Library/Frameworks/ImageIO.framework/Versions/A/Resources/libGIF.dylib
0x00000000094cb000 	/System/Library/Frameworks/ImageIO.framework/Versions/A/Resources/libJP2.dylib
0x00000000094cb000 	/System/Library/Frameworks/ImageIO.framework/Versions/A/Resources/libRadiance.dylib
0x00000000094cb000 	/System/Library/Frameworks/CoreVideo.framework/Versions/A/CoreVideo
0x00000000094cb000 	/System/Library/Frameworks/OpenGL.framework/Versions/A/Libraries/libGLU.dylib
0x00000000094cb000 	/System/Library/Frameworks/OpenGL.framework/Versions/A/Libraries/libGFXShared.dylib
0x00000000094cb000 	/System/Library/Frameworks/OpenGL.framework/Versions/A/Libraries/libGL.dylib
0x00000000094cb000 	/System/Library/Frameworks/OpenGL.framework/Versions/A/Libraries/libGLImage.dylib
0x00000000094cb000 	/System/Library/Frameworks/OpenGL.framework/Versions/A/Libraries/libCVMSPluginSupport.dylib
0x00000000094cb000 	/System/Library/Frameworks/OpenGL.framework/Versions/A/Libraries/libCoreVMClient.dylib
0x00000000094cb000 	/usr/lib/libcups.2.dylib
0x00000000094cb000 	/System/Library/Frameworks/Kerberos.framework/Versions/A/Kerberos
0x00000000094cb000 	/System/Library/Frameworks/GSS.framework/Versions/A/GSS
0x00000000094cb000 	/usr/lib/libresolv.9.dylib
0x00000000094cb000 	/usr/lib/libiconv.2.dylib
0x00000000094cb000 	/System/Library/PrivateFrameworks/Heimdal.framework/Versions/A/Heimdal
0x00000000094cb000 	/usr/lib/libheimdal-asn1.dylib
0x00000000094cb000 	/System/Library/Frameworks/OpenDirectory.framework/Versions/A/OpenDirectory
0x00000000094cb000 	/System/Library/PrivateFrameworks/CommonAuth.framework/Versions/A/CommonAuth
0x00000000094cb000 	/System/Library/Frameworks/OpenDirectory.framework/Versions/A/Frameworks/CFOpenDirectory.framework/Versions/A/CFOpenDirectory
0x00000000094cb000 	/System/Library/Frameworks/SecurityFoundation.framework/Versions/A/SecurityFoundation
0x00000000094cb000 	/System/Library/PrivateFrameworks/LanguageModeling.framework/Versions/A/LanguageModeling
0x00000000094cb000 	/usr/lib/libmarisa.dylib
0x00000000094cb000 	/usr/lib/libChineseTokenizer.dylib
0x00000000094cb000 	/usr/lib/libcmph.dylib
0x00000000094cb000 	/usr/lib/libcompression.dylib
0x00000000094cb000 	/System/Library/Frameworks/ServiceManagement.framework/Versions/A/ServiceManagement
0x00000000094cb000 	/usr/lib/libxslt.1.dylib
0x00000000094cb000 	/System/Library/Frameworks/Carbon.framework/Versions/A/Frameworks/Ink.framework/Versions/A/Ink
0x00000000094cb000 	/usr/lib/libFosl_dynamic.dylib
0x00000000094cb000 	/System/Library/PrivateFrameworks/FaceCore.framework/Versions/A/FaceCore
0x00000000094cb000 	/System/Library/Frameworks/OpenCL.framework/Versions/A/OpenCL
0x00000000094cb000 	/System/Library/PrivateFrameworks/CrashReporterSupport.framework/Versions/A/CrashReporterSupport
0x00000000094cb000 	/System/Library/PrivateFrameworks/IconServices.framework/Versions/A/IconServices
0x00000000094cb000 	/System/Library/PrivateFrameworks/Apple80211.framework/Versions/A/Apple80211
0x00000000094cb000 	/System/Library/Frameworks/CoreWLAN.framework/Versions/A/CoreWLAN
0x00000000094cb000 	/System/Library/Frameworks/IOBluetooth.framework/Versions/A/IOBluetooth
0x00000000094cb000 	/System/Library/PrivateFrameworks/CoreWiFi.framework/Versions/A/CoreWiFi
0x00000000094cb000 	/System/Library/Frameworks/CoreBluetooth.framework/Versions/A/CoreBluetooth
0x00000000094cb000 	/System/Library/PrivateFrameworks/ChunkingLibrary.framework/Versions/A/ChunkingLibrary
0x00000000094cb000 	/System/Library/PrivateFrameworks/DebugSymbols.framework/Versions/A/DebugSymbols
0x00000000094cb000 	/System/Library/PrivateFrameworks/CoreSymbolication.framework/Versions/A/CoreSymbolication
0x00000000094cb000 	/System/Library/PrivateFrameworks/Symbolication.framework/Versions/A/Symbolication
0x00000000094cb000 	/System/Library/PrivateFrameworks/SpeechRecognitionCore.framework/Versions/A/SpeechRecognitionCore
0x000000010c800000 	/Library/Java/JavaVirtualMachines/jdk1.8.0_65.jdk/Contents/Home/jre/lib/server/libjvm.dylib
0x00000000094cb000 	/usr/lib/libstdc++.6.dylib
0x000000010bf39000 	/Library/Java/JavaVirtualMachines/jdk1.8.0_65.jdk/Contents/Home/jre/lib/libverify.dylib
0x000000010bf47000 	/Library/Java/JavaVirtualMachines/jdk1.8.0_65.jdk/Contents/Home/jre/lib/libjava.dylib
0x000000010bf86000 	/Library/Java/JavaVirtualMachines/jdk1.8.0_65.jdk/Contents/Home/jre/lib/libzip.dylib
0x0000000120b26000 	/System/Library/Frameworks/JavaVM.framework/Frameworks/JavaRuntimeSupport.framework/JavaRuntimeSupport
0x0000000120b41000 	/System/Library/Frameworks/JavaVM.framework/Versions/A/Frameworks/JavaNativeFoundation.framework/Versions/A/JavaNativeFoundation
0x000000010bfec000 	/System/Library/Frameworks/JavaVM.framework/Versions/A/JavaVM
0x00000000094cb000 	/System/Library/Frameworks/Carbon.framework/Versions/A/Carbon
0x0000000120b56000 	/System/Library/PrivateFrameworks/JavaLaunching.framework/Versions/A/JavaLaunching
0x00000000094cb000 	/System/Library/Frameworks/Carbon.framework/Versions/A/Frameworks/CommonPanels.framework/Versions/A/CommonPanels
0x00000000094cb000 	/System/Library/Frameworks/Carbon.framework/Versions/A/Frameworks/Help.framework/Versions/A/Help
0x00000000094cb000 	/System/Library/Frameworks/Carbon.framework/Versions/A/Frameworks/ImageCapture.framework/Versions/A/ImageCapture
0x00000000094cb000 	/System/Library/Frameworks/Carbon.framework/Versions/A/Frameworks/OpenScripting.framework/Versions/A/OpenScripting
0x00000000094cb000 	/System/Library/Frameworks/Carbon.framework/Versions/A/Frameworks/Print.framework/Versions/A/Print
0x00000000094cb000 	/System/Library/Frameworks/Carbon.framework/Versions/A/Frameworks/SecurityHI.framework/Versions/A/SecurityHI

VM Arguments:
jvm_args: -Djava.awt.headless=true -Xmx1024M -Dfile.encoding=UTF-8 -Duser.country=US -Duser.language=en -Duser.variant 
java_command: com.android.dx.command.Main --dex --num-threads=4 --multi-dex --main-dex-list /Users/blazzajec/Desktop/PlanetKamino/app/build/intermediates/multi-dex/debug/maindexlist.txt --output /Users/blazzajec/Desktop/PlanetKamino/app/build/intermediates/transforms/dex/debug/folders/1000/1f/main /Users/blazzajec/Desktop/PlanetKamino/app/build/intermediates/transforms/jarMerging/debug/jars/1/1f/combined.jar
java_class_path (initial): /Users/blazzajec/Library/Android/sdk/build-tools/23.0.2/lib/dx.jar
Launcher Type: SUN_STANDARD

Environment Variables:
PATH=/usr/bin:/bin:/usr/sbin:/sbin
SHELL=/bin/bash

Signal Handlers:
SIGSEGV: [libjvm.dylib+0x5a6d31], sa_mask[0]=11111111011111110111111111111111, sa_flags=SA_ONSTACK|SA_RESTART|SA_SIGINFO
SIGBUS: [libjvm.dylib+0x5a6d31], sa_mask[0]=11111111011111110111111111111111, sa_flags=SA_RESTART|SA_SIGINFO
SIGFPE: [libjvm.dylib+0x480a40], sa_mask[0]=11111111011111110111111111111111, sa_flags=SA_RESTART|SA_SIGINFO
SIGPIPE: [libjvm.dylib+0x480a40], sa_mask[0]=11111111011111110111111111111111, sa_flags=SA_RESTART|SA_SIGINFO
SIGXFSZ: [libjvm.dylib+0x480a40], sa_mask[0]=11111111011111110111111111111111, sa_flags=SA_RESTART|SA_SIGINFO
SIGILL: [libjvm.dylib+0x480a40], sa_mask[0]=11111111011111110111111111111111, sa_flags=SA_RESTART|SA_SIGINFO
SIGUSR1: SIG_DFL, sa_mask[0]=00000000000000000000000000000000, sa_flags=none
SIGUSR2: [libjvm.dylib+0x48055e], sa_mask[0]=00100000000000000000000000000000, sa_flags=SA_RESTART|SA_SIGINFO
SIGHUP: [libjvm.dylib+0x47eb35], sa_mask[0]=11111111011111110111111111111111, sa_flags=SA_RESTART|SA_SIGINFO
SIGINT: [libjvm.dylib+0x47eb35], sa_mask[0]=11111111011111110111111111111111, sa_flags=SA_RESTART|SA_SIGINFO
SIGTERM: [libjvm.dylib+0x47eb35], sa_mask[0]=11111111011111110111111111111111, sa_flags=SA_RESTART|SA_SIGINFO
SIGQUIT: [libjvm.dylib+0x47eb35], sa_mask[0]=11111111011111110111111111111111, sa_flags=SA_RESTART|SA_SIGINFO


---------------  S Y S T E M  ---------------

OS:Bsduname:Darwin 15.0.0 Darwin Kernel Version 15.0.0: Sat Sep 19 15:53:46 PDT 2015; root:xnu-3247.10.11~1/RELEASE_X86_64 x86_64
rlimit: STACK 8192k, CORE 0k, NPROC 709, NOFILE 10240, AS infinity
load average:4.65 4.88 3.75

CPU:total 4 (2 cores per cpu, 2 threads per core) family 6 model 69 stepping 1, cmov, cx8, fxsr, mmx, sse, sse2, sse3, ssse3, sse4.1, sse4.2, popcnt, avx, avx2, aes, clmul, erms, lzcnt, ht, tsc, tscinvbit, bmi1, bmi2

Memory: 4k page, physical 8388608k(42040k free)

/proc/meminfo:


vm_info: Java HotSpot(TM) 64-Bit Server VM (25.65-b01) for bsd-amd64 JRE (1.8.0_65-b17), built on Oct  6 2015 15:36:46 by "java_re" with gcc 4.2.1 (Based on Apple Inc. build 5658) (LLVM build 2336.11.00)

time: Thu Apr 14 14:29:25 2016
elapsed time: 9 seconds (0d 0h 0m 9s)

